{"/home/travis/build/npmtest/node-npmtest-maxmind-db-reader/test.js":{"path":"/home/travis/build/npmtest/node-npmtest-maxmind-db-reader/test.js","s":{"1":2,"2":2,"3":2,"4":2,"5":2,"6":2,"7":2,"8":1,"9":2,"10":2,"11":1,"12":1,"13":1,"14":1,"15":2,"16":2,"17":2,"18":2,"19":1,"20":1,"21":2,"22":2,"23":2,"24":1,"25":1,"26":1,"27":1,"28":1,"29":1,"30":1,"31":1,"32":1,"33":1,"34":1,"35":1,"36":1,"37":1,"38":1,"39":2,"40":2,"41":1,"42":2,"43":2,"44":1,"45":2,"46":2,"47":1,"48":2,"49":2,"50":1,"51":1,"52":1,"53":1,"54":1},"b":{"1":[2,1,1,1],"2":[1,1,1,1],"3":[1,1],"4":[1,1],"5":[1,1],"6":[1,1],"7":[1,1],"8":[1,1],"9":[1,1],"10":[1,1,1],"11":[1,1],"12":[1,1],"13":[1,1],"14":[1,1],"15":[1,1],"16":[1,1],"17":[1,1]},"f":{"1":2,"2":2,"3":2,"4":2,"5":2,"6":1,"7":1,"8":1,"9":2,"10":2,"11":2,"12":2,"13":1},"fnMap":{"1":{"name":"(anonymous_1)","line":12,"loc":{"start":{"line":12,"column":1},"end":{"line":12,"column":13}}},"2":{"name":"(anonymous_2)","line":19,"loc":{"start":{"line":19,"column":5},"end":{"line":19,"column":17}}},"3":{"name":"(anonymous_3)","line":23,"loc":{"start":{"line":23,"column":24},"end":{"line":23,"column":36}}},"4":{"name":"(anonymous_4)","line":61,"loc":{"start":{"line":61,"column":5},"end":{"line":61,"column":17}}},"5":{"name":"(anonymous_5)","line":82,"loc":{"start":{"line":82,"column":5},"end":{"line":82,"column":17}}},"6":{"name":"(anonymous_6)","line":91,"loc":{"start":{"line":91,"column":77},"end":{"line":94,"column":10}}},"7":{"name":"(anonymous_7)","line":112,"loc":{"start":{"line":112,"column":83},"end":{"line":115,"column":10}},"skip":true},"8":{"name":"(anonymous_8)","line":123,"loc":{"start":{"line":123,"column":77},"end":{"line":126,"column":10}},"skip":true},"9":{"name":"(anonymous_9)","line":139,"loc":{"start":{"line":139,"column":12},"end":{"line":139,"column":40}},"skip":true},"10":{"name":"(anonymous_10)","line":147,"loc":{"start":{"line":147,"column":77},"end":{"line":150,"column":10}},"skip":true},"11":{"name":"(anonymous_11)","line":158,"loc":{"start":{"line":158,"column":83},"end":{"line":161,"column":10}},"skip":true},"12":{"name":"(anonymous_12)","line":169,"loc":{"start":{"line":169,"column":79},"end":{"line":172,"column":10}},"skip":true},"13":{"name":"(anonymous_13)","line":180,"loc":{"start":{"line":180,"column":75},"end":{"line":183,"column":10}},"skip":true}},"statementMap":{"1":{"start":{"line":12,"column":0},"end":{"line":195,"column":5}},"2":{"start":{"line":14,"column":4},"end":{"line":14,"column":14}},"3":{"start":{"line":19,"column":4},"end":{"line":56,"column":9}},"4":{"start":{"line":21,"column":8},"end":{"line":21,"column":19}},"5":{"start":{"line":23,"column":8},"end":{"line":35,"column":13}},"6":{"start":{"line":24,"column":12},"end":{"line":34,"column":13}},"7":{"start":{"line":25,"column":16},"end":{"line":28,"column":30}},"8":{"start":{"line":30,"column":16},"end":{"line":33,"column":27}},"9":{"start":{"line":37,"column":8},"end":{"line":39,"column":21}},"10":{"start":{"line":40,"column":8},"end":{"line":53,"column":9}},"11":{"start":{"line":43,"column":12},"end":{"line":46,"column":14}},"12":{"start":{"line":47,"column":12},"end":{"line":47,"column":18}},"13":{"start":{"line":50,"column":12},"end":{"line":51,"column":46}},"14":{"start":{"line":52,"column":12},"end":{"line":52,"column":18}},"15":{"start":{"line":55,"column":8},"end":{"line":55,"column":35}},"16":{"start":{"line":61,"column":4},"end":{"line":63,"column":9}},"17":{"start":{"line":62,"column":8},"end":{"line":62,"column":15}},"18":{"start":{"line":64,"column":4},"end":{"line":77,"column":5}},"19":{"start":{"line":70,"column":8},"end":{"line":70,"column":14}},"20":{"start":{"line":76,"column":8},"end":{"line":76,"column":14}},"21":{"start":{"line":82,"column":4},"end":{"line":84,"column":9}},"22":{"start":{"line":83,"column":8},"end":{"line":83,"column":15}},"23":{"start":{"line":85,"column":4},"end":{"line":194,"column":5}},"24":{"start":{"line":91,"column":8},"end":{"line":99,"column":10}},"25":{"start":{"line":98,"column":12},"end":{"line":98,"column":35}},"26":{"start":{"line":102,"column":8},"end":{"line":104,"column":63}},"27":{"start":{"line":105,"column":8},"end":{"line":105,"column":14}},"28":{"start":{"line":112,"column":8},"end":{"line":121,"column":10},"skip":true},"29":{"start":{"line":119,"column":12},"end":{"line":119,"column":55},"skip":true},"30":{"start":{"line":120,"column":12},"end":{"line":120,"column":48},"skip":true},"31":{"start":{"line":123,"column":8},"end":{"line":136,"column":10},"skip":true},"32":{"start":{"line":130,"column":12},"end":{"line":130,"column":76},"skip":true},"33":{"start":{"line":131,"column":12},"end":{"line":131,"column":73},"skip":true},"34":{"start":{"line":132,"column":12},"end":{"line":132,"column":74},"skip":true},"35":{"start":{"line":133,"column":12},"end":{"line":133,"column":79},"skip":true},"36":{"start":{"line":134,"column":12},"end":{"line":134,"column":25},"skip":true},"37":{"start":{"line":135,"column":12},"end":{"line":135,"column":45},"skip":true},"38":{"start":{"line":138,"column":8},"end":{"line":145,"column":14},"skip":true},"39":{"start":{"line":143,"column":16},"end":{"line":143,"column":29},"skip":true},"40":{"start":{"line":144,"column":16},"end":{"line":144,"column":55},"skip":true},"41":{"start":{"line":147,"column":8},"end":{"line":156,"column":10},"skip":true},"42":{"start":{"line":154,"column":12},"end":{"line":154,"column":25},"skip":true},"43":{"start":{"line":155,"column":12},"end":{"line":155,"column":45},"skip":true},"44":{"start":{"line":158,"column":8},"end":{"line":167,"column":10},"skip":true},"45":{"start":{"line":165,"column":12},"end":{"line":165,"column":25},"skip":true},"46":{"start":{"line":166,"column":12},"end":{"line":166,"column":48},"skip":true},"47":{"start":{"line":169,"column":8},"end":{"line":178,"column":10},"skip":true},"48":{"start":{"line":176,"column":12},"end":{"line":176,"column":25},"skip":true},"49":{"start":{"line":177,"column":12},"end":{"line":177,"column":46},"skip":true},"50":{"start":{"line":180,"column":8},"end":{"line":189,"column":10},"skip":true},"51":{"start":{"line":187,"column":12},"end":{"line":187,"column":94},"skip":true},"52":{"start":{"line":188,"column":12},"end":{"line":188,"column":48},"skip":true},"53":{"start":{"line":192,"column":8},"end":{"line":192,"column":35},"skip":true},"54":{"start":{"line":193,"column":8},"end":{"line":193,"column":14},"skip":true}},"branchMap":{"1":{"line":25,"type":"binary-expr","locations":[{"start":{"line":25,"column":23},"end":{"line":25,"column":62}},{"start":{"line":26,"column":20},"end":{"line":26,"column":70}},{"start":{"line":27,"column":20},"end":{"line":27,"column":71}},{"start":{"line":28,"column":20},"end":{"line":28,"column":29}}]},"2":{"line":30,"type":"binary-expr","locations":[{"start":{"line":30,"column":23},"end":{"line":30,"column":37}},{"start":{"line":31,"column":20},"end":{"line":31,"column":61}},{"start":{"line":32,"column":20},"end":{"line":32,"column":70}},{"start":{"line":33,"column":20},"end":{"line":33,"column":26}}]},"3":{"line":37,"type":"cond-expr","locations":[{"start":{"line":38,"column":14},"end":{"line":38,"column":20}},{"start":{"line":39,"column":14},"end":{"line":39,"column":20}}]},"4":{"line":40,"type":"switch","locations":[{"start":{"line":42,"column":8},"end":{"line":47,"column":18}},{"start":{"line":49,"column":8},"end":{"line":52,"column":18}}]},"5":{"line":44,"type":"binary-expr","locations":[{"start":{"line":44,"column":16},"end":{"line":44,"column":44}},{"start":{"line":44,"column":48},"end":{"line":44,"column":66}}]},"6":{"line":50,"type":"binary-expr","locations":[{"start":{"line":50,"column":21},"end":{"line":50,"column":49}},{"start":{"line":50,"column":53},"end":{"line":50,"column":72}}]},"7":{"line":64,"type":"switch","locations":[{"start":{"line":69,"column":4},"end":{"line":70,"column":14}},{"start":{"line":75,"column":4},"end":{"line":76,"column":14}}]},"8":{"line":85,"type":"switch","locations":[{"start":{"line":90,"column":4},"end":{"line":105,"column":14}},{"start":{"line":111,"column":4},"end":{"line":193,"column":14},"skip":true}]},"9":{"line":91,"type":"binary-expr","locations":[{"start":{"line":91,"column":42},"end":{"line":91,"column":73}},{"start":{"line":91,"column":77},"end":{"line":99,"column":9}}]},"10":{"line":102,"type":"binary-expr","locations":[{"start":{"line":102,"column":18},"end":{"line":102,"column":32}},{"start":{"line":103,"column":12},"end":{"line":103,"column":53}},{"start":{"line":104,"column":12},"end":{"line":104,"column":61}}]},"11":{"line":112,"type":"binary-expr","locations":[{"start":{"line":112,"column":45},"end":{"line":112,"column":79},"skip":true},{"start":{"line":112,"column":83},"end":{"line":121,"column":9},"skip":true}]},"12":{"line":123,"type":"binary-expr","locations":[{"start":{"line":123,"column":42},"end":{"line":123,"column":73},"skip":true},{"start":{"line":123,"column":77},"end":{"line":136,"column":9},"skip":true}]},"13":{"line":138,"type":"binary-expr","locations":[{"start":{"line":138,"column":48},"end":{"line":138,"column":85},"skip":true},{"start":{"line":139,"column":12},"end":{"line":145,"column":13},"skip":true}]},"14":{"line":147,"type":"binary-expr","locations":[{"start":{"line":147,"column":42},"end":{"line":147,"column":73},"skip":true},{"start":{"line":147,"column":77},"end":{"line":156,"column":9},"skip":true}]},"15":{"line":158,"type":"binary-expr","locations":[{"start":{"line":158,"column":45},"end":{"line":158,"column":79},"skip":true},{"start":{"line":158,"column":83},"end":{"line":167,"column":9},"skip":true}]},"16":{"line":169,"type":"binary-expr","locations":[{"start":{"line":169,"column":43},"end":{"line":169,"column":75},"skip":true},{"start":{"line":169,"column":79},"end":{"line":178,"column":9},"skip":true}]},"17":{"line":180,"type":"binary-expr","locations":[{"start":{"line":180,"column":41},"end":{"line":180,"column":71},"skip":true},{"start":{"line":180,"column":75},"end":{"line":189,"column":9},"skip":true}]}},"code":["/* istanbul instrument in package npmtest_maxmind_db_reader */","/*jslint","    bitwise: true,","    browser: true,","    maxerr: 8,","    maxlen: 96,","    node: true,","    nomen: true,","    regexp: true,","    stupid: true","*/","(function () {","    'use strict';","    var local;","","","","    // run shared js-env code - pre-init","    (function () {","        // init local","        local = {};","        // init modeJs","        local.modeJs = (function () {","            try {","                return typeof navigator.userAgent === 'string' &&","                    typeof document.querySelector('body') === 'object' &&","                    typeof XMLHttpRequest.prototype.open === 'function' &&","                    'browser';","            } catch (errorCaughtBrowser) {","                return module.exports &&","                    typeof process.versions.node === 'string' &&","                    typeof require('http').createServer === 'function' &&","                    'node';","            }","        }());","        // init global","        local.global = local.modeJs === 'browser'","            ? window","            : global;","        switch (local.modeJs) {","        // re-init local from window.local","        case 'browser':","            local = local.global.utility2.objectSetDefault(","                local.global.utility2_rollup || local.global.local,","                local.global.utility2","            );","            break;","        // re-init local from example.js","        case 'node':","            local = (local.global.utility2_rollup || require('utility2'))","                .requireExampleJsFromReadme();","            break;","        }","        // export local","        local.global.local = local;","    }());","","","","    // run shared js-env code - function","    (function () {","        return;","    }());","    switch (local.modeJs) {","","","","    // run browser js-env code - function","    case 'browser':","        break;","","","","    // run node js-env code - function","    case 'node':","        break;","    }","","","","    // run shared js-env code - post-init","    (function () {","        return;","    }());","    switch (local.modeJs) {","","","","    // run browser js-env code - post-init","    case 'browser':","        local.testCase_browser_nullCase = local.testCase_browser_nullCase || function (","            options,","            onError","        ) {","        /*","         * this function will test browsers's null-case handling-behavior-behavior","         */","            onError(null, options);","        };","","        // run tests","        local.nop(local.modeTest &&","            document.querySelector('#testRunButton1') &&","            document.querySelector('#testRunButton1').click());","        break;","","","","    // run node js-env code - post-init","    /* istanbul ignore next */","    case 'node':","        local.testCase_buildApidoc_default = local.testCase_buildApidoc_default || function (","            options,","            onError","        ) {","        /*","         * this function will test buildApidoc's default handling-behavior-behavior","         */","            options = { modulePathList: module.paths };","            local.buildApidoc(options, onError);","        };","","        local.testCase_buildApp_default = local.testCase_buildApp_default || function (","            options,","            onError","        ) {","        /*","         * this function will test buildApp's default handling-behavior-behavior","         */","            local.testCase_buildReadme_default(options, local.onErrorThrow);","            local.testCase_buildLib_default(options, local.onErrorThrow);","            local.testCase_buildTest_default(options, local.onErrorThrow);","            local.testCase_buildCustomOrg_default(options, local.onErrorThrow);","            options = [];","            local.buildApp(options, onError);","        };","","        local.testCase_buildCustomOrg_default = local.testCase_buildCustomOrg_default ||","            function (options, onError) {","            /*","             * this function will test buildCustomOrg's default handling-behavior","             */","                options = {};","                local.buildCustomOrg(options, onError);","            };","","        local.testCase_buildLib_default = local.testCase_buildLib_default || function (","            options,","            onError","        ) {","        /*","         * this function will test buildLib's default handling-behavior","         */","            options = {};","            local.buildLib(options, onError);","        };","","        local.testCase_buildReadme_default = local.testCase_buildReadme_default || function (","            options,","            onError","        ) {","        /*","         * this function will test buildReadme's default handling-behavior-behavior","         */","            options = {};","            local.buildReadme(options, onError);","        };","","        local.testCase_buildTest_default = local.testCase_buildTest_default || function (","            options,","            onError","        ) {","        /*","         * this function will test buildTest's default handling-behavior","         */","            options = {};","            local.buildTest(options, onError);","        };","","        local.testCase_webpage_default = local.testCase_webpage_default || function (","            options,","            onError","        ) {","        /*","         * this function will test webpage's default handling-behavior","         */","            options = { modeCoverageMerge: true, url: local.serverLocalHost + '?modeTest=1' };","            local.browserTest(options, onError);","        };","","        // run test-server","        local.testRunServer(local);","        break;","    }","}());",""],"l":{"12":2,"14":2,"19":2,"21":2,"23":2,"24":2,"25":2,"30":1,"37":2,"40":2,"43":1,"47":1,"50":1,"52":1,"55":2,"61":2,"62":2,"64":2,"70":1,"76":1,"82":2,"83":2,"85":2,"91":1,"98":1,"102":1,"105":1,"112":1,"119":1,"120":1,"123":1,"130":1,"131":1,"132":1,"133":1,"134":1,"135":1,"138":1,"143":2,"144":2,"147":1,"154":2,"155":2,"158":1,"165":2,"166":2,"169":1,"176":2,"177":2,"180":1,"187":1,"188":1,"192":1,"193":1}},"/home/travis/build/npmtest/node-npmtest-maxmind-db-reader/lib.npmtest_maxmind_db_reader.js":{"path":"/home/travis/build/npmtest/node-npmtest-maxmind-db-reader/lib.npmtest_maxmind_db_reader.js","s":{"1":2,"2":2,"3":2,"4":2,"5":2,"6":2,"7":2,"8":1,"9":2,"10":2,"11":2,"12":2,"13":1,"14":1,"15":1,"16":1},"b":{"1":[2,1,1,1],"2":[1,1,1,1],"3":[1,1],"4":[2,2],"5":[1,1]},"f":{"1":2,"2":2,"3":2},"fnMap":{"1":{"name":"(anonymous_1)","line":12,"loc":{"start":{"line":12,"column":1},"end":{"line":12,"column":13}}},"2":{"name":"(anonymous_2)","line":19,"loc":{"start":{"line":19,"column":5},"end":{"line":19,"column":17}}},"3":{"name":"(anonymous_3)","line":23,"loc":{"start":{"line":23,"column":24},"end":{"line":23,"column":36}}}},"statementMap":{"1":{"start":{"line":12,"column":0},"end":{"line":53,"column":5}},"2":{"start":{"line":14,"column":4},"end":{"line":14,"column":14}},"3":{"start":{"line":19,"column":4},"end":{"line":52,"column":9}},"4":{"start":{"line":21,"column":8},"end":{"line":21,"column":19}},"5":{"start":{"line":23,"column":8},"end":{"line":35,"column":13}},"6":{"start":{"line":24,"column":12},"end":{"line":34,"column":13}},"7":{"start":{"line":25,"column":16},"end":{"line":28,"column":30}},"8":{"start":{"line":30,"column":16},"end":{"line":33,"column":27}},"9":{"start":{"line":37,"column":8},"end":{"line":39,"column":21}},"10":{"start":{"line":41,"column":8},"end":{"line":41,"column":54}},"11":{"start":{"line":43,"column":8},"end":{"line":43,"column":62}},"12":{"start":{"line":45,"column":8},"end":{"line":51,"column":9}},"13":{"start":{"line":46,"column":12},"end":{"line":46,"column":68}},"14":{"start":{"line":48,"column":12},"end":{"line":48,"column":35}},"15":{"start":{"line":49,"column":12},"end":{"line":49,"column":49}},"16":{"start":{"line":50,"column":12},"end":{"line":50,"column":43}}},"branchMap":{"1":{"line":25,"type":"binary-expr","locations":[{"start":{"line":25,"column":23},"end":{"line":25,"column":62}},{"start":{"line":26,"column":20},"end":{"line":26,"column":70}},{"start":{"line":27,"column":20},"end":{"line":27,"column":71}},{"start":{"line":28,"column":20},"end":{"line":28,"column":29}}]},"2":{"line":30,"type":"binary-expr","locations":[{"start":{"line":30,"column":23},"end":{"line":30,"column":37}},{"start":{"line":31,"column":20},"end":{"line":31,"column":61}},{"start":{"line":32,"column":20},"end":{"line":32,"column":70}},{"start":{"line":33,"column":20},"end":{"line":33,"column":26}}]},"3":{"line":37,"type":"cond-expr","locations":[{"start":{"line":38,"column":14},"end":{"line":38,"column":20}},{"start":{"line":39,"column":14},"end":{"line":39,"column":20}}]},"4":{"line":41,"type":"binary-expr","locations":[{"start":{"line":41,"column":16},"end":{"line":41,"column":44}},{"start":{"line":41,"column":48},"end":{"line":41,"column":53}}]},"5":{"line":45,"type":"if","locations":[{"start":{"line":45,"column":8},"end":{"line":45,"column":8}},{"start":{"line":45,"column":8},"end":{"line":45,"column":8}}]}},"code":["/* istanbul instrument in package npmtest_maxmind_db_reader */","/*jslint","    bitwise: true,","    browser: true,","    maxerr: 8,","    maxlen: 96,","    node: true,","    nomen: true,","    regexp: true,","    stupid: true","*/","(function () {","    'use strict';","    var local;","","","","    // run shared js-env code - pre-init","    (function () {","        // init local","        local = {};","        // init modeJs","        local.modeJs = (function () {","            try {","                return typeof navigator.userAgent === 'string' &&","                    typeof document.querySelector('body') === 'object' &&","                    typeof XMLHttpRequest.prototype.open === 'function' &&","                    'browser';","            } catch (errorCaughtBrowser) {","                return module.exports &&","                    typeof process.versions.node === 'string' &&","                    typeof require('http').createServer === 'function' &&","                    'node';","            }","        }());","        // init global","        local.global = local.modeJs === 'browser'","            ? window","            : global;","        // init utility2_rollup","        local = local.global.utility2_rollup || local;","        // init lib","        local.local = local.npmtest_maxmind_db_reader = local;","        // init exports","        if (local.modeJs === 'browser') {","            local.global.utility2_npmtest_maxmind_db_reader = local;","        } else {","            module.exports = local;","            module.exports.__dirname = __dirname;","            module.exports.module = module;","        }","    }());","}());",""],"l":{"12":2,"14":2,"19":2,"21":2,"23":2,"24":2,"25":2,"30":1,"37":2,"41":2,"43":2,"45":2,"46":1,"48":1,"49":1,"50":1}},"/home/travis/build/npmtest/node-npmtest-maxmind-db-reader/example.js":{"path":"/home/travis/build/npmtest/node-npmtest-maxmind-db-reader/example.js","s":{"1":2,"2":2,"3":2,"4":2,"5":2,"6":2,"7":2,"8":1,"9":2,"10":2,"11":2,"12":2,"13":1,"14":2,"15":2,"16":2,"17":2,"18":2,"19":0,"20":2,"21":1,"22":1,"23":1,"24":1,"25":1,"26":0,"27":0,"28":1,"29":1,"30":2,"31":0,"32":0,"33":0,"34":1,"35":2,"36":2,"37":3,"38":3,"39":3,"40":3,"41":0,"42":3,"43":3,"44":3,"45":1,"46":3,"47":1,"48":1,"49":1,"50":1,"51":1,"52":1,"53":1,"54":1,"55":1,"56":1,"57":0,"58":1,"59":6,"60":6,"61":1,"62":2,"63":0,"64":2,"65":1,"66":1,"67":0,"68":0,"69":0,"70":0,"71":0,"72":0,"73":0,"74":0,"75":0,"76":0,"77":0,"78":0,"79":0,"80":0,"81":0,"82":0,"83":0},"b":{"1":[2,1,1,1],"2":[1,1,1,1],"3":[1,1],"4":[2,2],"5":[1,1],"6":[1,1],"7":[2,0],"8":[2,1,1,1,1,1],"9":[0,2,0],"10":[1,1],"11":[2,1,1],"12":[1,0],"13":[0,2],"14":[2,0,0,0,0,0,0],"15":[0,3],"16":[3,0],"17":[1,1],"18":[0,1],"19":[1,2,0,2],"20":[1,0],"21":[1,1],"22":[0,0],"23":[0,0],"24":[0,0],"25":[0,0],"26":[0,0],"27":[0,0],"28":[0,0]},"f":{"1":2,"2":2,"3":2,"4":2,"5":2,"6":2,"7":3,"8":3,"9":3,"10":1,"11":6,"12":0},"fnMap":{"1":{"name":"(anonymous_1)","line":26,"loc":{"start":{"line":26,"column":1},"end":{"line":26,"column":13}}},"2":{"name":"(anonymous_2)","line":33,"loc":{"start":{"line":33,"column":5},"end":{"line":33,"column":17}}},"3":{"name":"(anonymous_3)","line":37,"loc":{"start":{"line":37,"column":24},"end":{"line":37,"column":36}}},"4":{"name":"(anonymous_4)","line":69,"loc":{"start":{"line":69,"column":31},"end":{"line":69,"column":48}},"skip":true},"5":{"name":"(anonymous_5)","line":78,"loc":{"start":{"line":78,"column":26},"end":{"line":78,"column":45}},"skip":true},"6":{"name":"(anonymous_6)","line":123,"loc":{"start":{"line":123,"column":33},"end":{"line":123,"column":48}},"skip":true},"7":{"name":"(anonymous_7)","line":125,"loc":{"start":{"line":125,"column":27},"end":{"line":125,"column":39}},"skip":true},"8":{"name":"(anonymous_8)","line":133,"loc":{"start":{"line":133,"column":59},"end":{"line":133,"column":74}},"skip":true},"9":{"name":"(anonymous_9)","line":143,"loc":{"start":{"line":143,"column":45},"end":{"line":143,"column":62}},"skip":true},"10":{"name":"(anonymous_10)","line":144,"loc":{"start":{"line":144,"column":73},"end":{"line":144,"column":92}},"skip":true},"11":{"name":"(anonymous_11)","line":272,"loc":{"start":{"line":272,"column":51},"end":{"line":272,"column":77}},"skip":true},"12":{"name":"(anonymous_12)","line":315,"loc":{"start":{"line":315,"column":32},"end":{"line":315,"column":61}},"skip":true}},"statementMap":{"1":{"start":{"line":26,"column":0},"end":{"line":326,"column":5}},"2":{"start":{"line":28,"column":4},"end":{"line":28,"column":14}},"3":{"start":{"line":33,"column":4},"end":{"line":60,"column":9}},"4":{"start":{"line":35,"column":8},"end":{"line":35,"column":19}},"5":{"start":{"line":37,"column":8},"end":{"line":49,"column":13}},"6":{"start":{"line":38,"column":12},"end":{"line":48,"column":13}},"7":{"start":{"line":39,"column":16},"end":{"line":42,"column":30}},"8":{"start":{"line":44,"column":16},"end":{"line":47,"column":27}},"9":{"start":{"line":51,"column":8},"end":{"line":53,"column":21}},"10":{"start":{"line":55,"column":8},"end":{"line":57,"column":45}},"11":{"start":{"line":59,"column":8},"end":{"line":59,"column":35}},"12":{"start":{"line":61,"column":4},"end":{"line":325,"column":5}},"13":{"start":{"line":69,"column":8},"end":{"line":121,"column":10},"skip":true},"14":{"start":{"line":70,"column":12},"end":{"line":88,"column":13},"skip":true},"15":{"start":{"line":76,"column":16},"end":{"line":87,"column":19},"skip":true},"16":{"start":{"line":79,"column":20},"end":{"line":86,"column":21},"skip":true},"17":{"start":{"line":82,"column":24},"end":{"line":82,"column":43},"skip":true},"18":{"start":{"line":83,"column":24},"end":{"line":83,"column":30},"skip":true},"19":{"start":{"line":85,"column":24},"end":{"line":85,"column":49},"skip":true},"20":{"start":{"line":89,"column":12},"end":{"line":107,"column":13},"skip":true},"21":{"start":{"line":92,"column":16},"end":{"line":102,"column":17},"skip":true},"22":{"start":{"line":93,"column":20},"end":{"line":93,"column":86},"skip":true},"23":{"start":{"line":94,"column":20},"end":{"line":95,"column":45},"skip":true},"24":{"start":{"line":96,"column":20},"end":{"line":96,"column":42},"skip":true},"25":{"start":{"line":97,"column":20},"end":{"line":97,"column":48},"skip":true},"26":{"start":{"line":100,"column":20},"end":{"line":100,"column":85},"skip":true},"27":{"start":{"line":101,"column":20},"end":{"line":101,"column":96},"skip":true},"28":{"start":{"line":103,"column":16},"end":{"line":103,"column":22},"skip":true},"29":{"start":{"line":106,"column":16},"end":{"line":106,"column":22},"skip":true},"30":{"start":{"line":108,"column":12},"end":{"line":120,"column":13},"skip":true},"31":{"start":{"line":114,"column":16},"end":{"line":119,"column":17},"skip":true},"32":{"start":{"line":116,"column":20},"end":{"line":116,"column":78},"skip":true},"33":{"start":{"line":118,"column":20},"end":{"line":118,"column":47},"skip":true},"34":{"start":{"line":123,"column":8},"end":{"line":141,"column":11},"skip":true},"35":{"start":{"line":124,"column":12},"end":{"line":124,"column":54},"skip":true},"36":{"start":{"line":125,"column":12},"end":{"line":140,"column":14},"skip":true},"37":{"start":{"line":126,"column":16},"end":{"line":126,"column":28},"skip":true},"38":{"start":{"line":127,"column":16},"end":{"line":127,"column":69},"skip":true},"39":{"start":{"line":128,"column":16},"end":{"line":128,"column":75},"skip":true},"40":{"start":{"line":129,"column":16},"end":{"line":131,"column":17},"skip":true},"41":{"start":{"line":130,"column":20},"end":{"line":130,"column":27},"skip":true},"42":{"start":{"line":133,"column":16},"end":{"line":137,"column":36},"skip":true},"43":{"start":{"line":134,"column":20},"end":{"line":136,"column":55},"skip":true},"44":{"start":{"line":139,"column":16},"end":{"line":139,"column":57},"skip":true},"45":{"start":{"line":143,"column":8},"end":{"line":147,"column":11},"skip":true},"46":{"start":{"line":144,"column":12},"end":{"line":146,"column":15},"skip":true},"47":{"start":{"line":145,"column":16},"end":{"line":145,"column":70},"skip":true},"48":{"start":{"line":149,"column":8},"end":{"line":149,"column":31},"skip":true},"49":{"start":{"line":150,"column":8},"end":{"line":150,"column":14},"skip":true},"50":{"start":{"line":158,"column":8},"end":{"line":158,"column":31},"skip":true},"51":{"start":{"line":160,"column":8},"end":{"line":160,"column":33},"skip":true},"52":{"start":{"line":161,"column":8},"end":{"line":161,"column":37},"skip":true},"53":{"start":{"line":162,"column":8},"end":{"line":162,"column":35},"skip":true},"54":{"start":{"line":164,"column":8},"end":{"line":164,"column":50},"skip":true},"55":{"start":{"line":166,"column":8},"end":{"line":256,"column":2},"skip":true},"56":{"start":{"line":258,"column":8},"end":{"line":286,"column":9},"skip":true},"57":{"start":{"line":259,"column":12},"end":{"line":269,"column":14},"skip":true},"58":{"start":{"line":271,"column":12},"end":{"line":285,"column":19},"skip":true},"59":{"start":{"line":274,"column":20},"end":{"line":274,"column":35},"skip":true},"60":{"start":{"line":275,"column":20},"end":{"line":284,"column":21},"skip":true},"61":{"start":{"line":277,"column":24},"end":{"line":277,"column":64},"skip":true},"62":{"start":{"line":279,"column":24},"end":{"line":279,"column":40},"skip":true},"63":{"start":{"line":281,"column":24},"end":{"line":281,"column":40},"skip":true},"64":{"start":{"line":283,"column":24},"end":{"line":283,"column":39},"skip":true},"65":{"start":{"line":288,"column":8},"end":{"line":290,"column":9},"skip":true},"66":{"start":{"line":289,"column":12},"end":{"line":289,"column":18},"skip":true},"67":{"start":{"line":291,"column":8},"end":{"line":293,"column":54},"skip":true},"68":{"start":{"line":296,"column":8},"end":{"line":301,"column":37},"skip":true},"69":{"start":{"line":303,"column":8},"end":{"line":303,"column":82},"skip":true},"70":{"start":{"line":306,"column":8},"end":{"line":308,"column":9},"skip":true},"71":{"start":{"line":307,"column":12},"end":{"line":307,"column":82},"skip":true},"72":{"start":{"line":310,"column":8},"end":{"line":312,"column":9},"skip":true},"73":{"start":{"line":311,"column":12},"end":{"line":311,"column":18},"skip":true},"74":{"start":{"line":313,"column":8},"end":{"line":313,"column":54},"skip":true},"75":{"start":{"line":314,"column":8},"end":{"line":314,"column":69},"skip":true},"76":{"start":{"line":315,"column":8},"end":{"line":323,"column":36},"skip":true},"77":{"start":{"line":316,"column":12},"end":{"line":316,"column":61},"skip":true},"78":{"start":{"line":317,"column":12},"end":{"line":320,"column":13},"skip":true},"79":{"start":{"line":318,"column":16},"end":{"line":318,"column":75},"skip":true},"80":{"start":{"line":319,"column":16},"end":{"line":319,"column":23},"skip":true},"81":{"start":{"line":321,"column":12},"end":{"line":321,"column":38},"skip":true},"82":{"start":{"line":322,"column":12},"end":{"line":322,"column":27},"skip":true},"83":{"start":{"line":324,"column":8},"end":{"line":324,"column":14},"skip":true}},"branchMap":{"1":{"line":39,"type":"binary-expr","locations":[{"start":{"line":39,"column":23},"end":{"line":39,"column":62}},{"start":{"line":40,"column":20},"end":{"line":40,"column":70}},{"start":{"line":41,"column":20},"end":{"line":41,"column":71}},{"start":{"line":42,"column":20},"end":{"line":42,"column":29}}]},"2":{"line":44,"type":"binary-expr","locations":[{"start":{"line":44,"column":23},"end":{"line":44,"column":37}},{"start":{"line":45,"column":20},"end":{"line":45,"column":61}},{"start":{"line":46,"column":20},"end":{"line":46,"column":70}},{"start":{"line":47,"column":20},"end":{"line":47,"column":26}}]},"3":{"line":51,"type":"cond-expr","locations":[{"start":{"line":52,"column":14},"end":{"line":52,"column":20}},{"start":{"line":53,"column":14},"end":{"line":53,"column":20}}]},"4":{"line":55,"type":"binary-expr","locations":[{"start":{"line":55,"column":16},"end":{"line":55,"column":44}},{"start":{"line":55,"column":49},"end":{"line":57,"column":43}}]},"5":{"line":55,"type":"cond-expr","locations":[{"start":{"line":56,"column":14},"end":{"line":56,"column":61}},{"start":{"line":57,"column":14},"end":{"line":57,"column":43}}]},"6":{"line":61,"type":"switch","locations":[{"start":{"line":68,"column":4},"end":{"line":150,"column":14},"skip":true},{"start":{"line":156,"column":4},"end":{"line":324,"column":14},"skip":true}]},"7":{"line":70,"type":"if","locations":[{"start":{"line":70,"column":12},"end":{"line":70,"column":12},"skip":true},{"start":{"line":70,"column":12},"end":{"line":70,"column":12},"skip":true}]},"8":{"line":70,"type":"binary-expr","locations":[{"start":{"line":70,"column":16},"end":{"line":70,"column":22},"skip":true},{"start":{"line":70,"column":27},"end":{"line":70,"column":32},"skip":true},{"start":{"line":71,"column":20},"end":{"line":71,"column":39},"skip":true},{"start":{"line":72,"column":20},"end":{"line":72,"column":49},"skip":true},{"start":{"line":73,"column":20},"end":{"line":73,"column":58},"skip":true},{"start":{"line":74,"column":20},"end":{"line":74,"column":69},"skip":true}]},"9":{"line":79,"type":"switch","locations":[{"start":{"line":80,"column":20},"end":{"line":80,"column":33},"skip":true},{"start":{"line":81,"column":20},"end":{"line":83,"column":30},"skip":true},{"start":{"line":84,"column":20},"end":{"line":85,"column":49},"skip":true}]},"10":{"line":89,"type":"switch","locations":[{"start":{"line":90,"column":12},"end":{"line":103,"column":22},"skip":true},{"start":{"line":105,"column":12},"end":{"line":106,"column":22},"skip":true}]},"11":{"line":89,"type":"binary-expr","locations":[{"start":{"line":89,"column":20},"end":{"line":89,"column":25},"skip":true},{"start":{"line":89,"column":29},"end":{"line":89,"column":48},"skip":true},{"start":{"line":89,"column":52},"end":{"line":89,"column":74},"skip":true}]},"12":{"line":92,"type":"if","locations":[{"start":{"line":92,"column":16},"end":{"line":92,"column":16},"skip":true},{"start":{"line":92,"column":16},"end":{"line":92,"column":16},"skip":true}]},"13":{"line":108,"type":"if","locations":[{"start":{"line":108,"column":12},"end":{"line":108,"column":12},"skip":true},{"start":{"line":108,"column":12},"end":{"line":108,"column":12},"skip":true}]},"14":{"line":108,"type":"binary-expr","locations":[{"start":{"line":108,"column":16},"end":{"line":108,"column":61},"skip":true},{"start":{"line":108,"column":66},"end":{"line":108,"column":72},"skip":true},{"start":{"line":108,"column":77},"end":{"line":108,"column":82},"skip":true},{"start":{"line":109,"column":20},"end":{"line":109,"column":39},"skip":true},{"start":{"line":110,"column":20},"end":{"line":110,"column":49},"skip":true},{"start":{"line":111,"column":20},"end":{"line":111,"column":58},"skip":true},{"start":{"line":112,"column":20},"end":{"line":112,"column":68},"skip":true}]},"15":{"line":129,"type":"if","locations":[{"start":{"line":129,"column":16},"end":{"line":129,"column":16},"skip":true},{"start":{"line":129,"column":16},"end":{"line":129,"column":16},"skip":true}]},"16":{"line":134,"type":"cond-expr","locations":[{"start":{"line":135,"column":26},"end":{"line":135,"column":29},"skip":true},{"start":{"line":136,"column":26},"end":{"line":136,"column":54},"skip":true}]},"17":{"line":164,"type":"binary-expr","locations":[{"start":{"line":164,"column":27},"end":{"line":164,"column":43},"skip":true},{"start":{"line":164,"column":47},"end":{"line":164,"column":49},"skip":true}]},"18":{"line":258,"type":"if","locations":[{"start":{"line":258,"column":8},"end":{"line":258,"column":8},"skip":true},{"start":{"line":258,"column":8},"end":{"line":258,"column":8},"skip":true}]},"19":{"line":275,"type":"switch","locations":[{"start":{"line":276,"column":20},"end":{"line":277,"column":64},"skip":true},{"start":{"line":278,"column":20},"end":{"line":279,"column":40},"skip":true},{"start":{"line":280,"column":20},"end":{"line":281,"column":40},"skip":true},{"start":{"line":282,"column":20},"end":{"line":283,"column":39},"skip":true}]},"20":{"line":288,"type":"if","locations":[{"start":{"line":288,"column":8},"end":{"line":288,"column":8},"skip":true},{"start":{"line":288,"column":8},"end":{"line":288,"column":8},"skip":true}]},"21":{"line":288,"type":"binary-expr","locations":[{"start":{"line":288,"column":12},"end":{"line":288,"column":40},"skip":true},{"start":{"line":288,"column":44},"end":{"line":288,"column":67},"skip":true}]},"22":{"line":292,"type":"binary-expr","locations":[{"start":{"line":292,"column":12},"end":{"line":292,"column":50},"skip":true},{"start":{"line":293,"column":12},"end":{"line":293,"column":53},"skip":true}]},"23":{"line":297,"type":"binary-expr","locations":[{"start":{"line":297,"column":12},"end":{"line":297,"column":75},"skip":true},{"start":{"line":298,"column":12},"end":{"line":301,"column":36},"skip":true}]},"24":{"line":303,"type":"binary-expr","locations":[{"start":{"line":303,"column":43},"end":{"line":303,"column":75},"skip":true},{"start":{"line":303,"column":79},"end":{"line":303,"column":81},"skip":true}]},"25":{"line":306,"type":"if","locations":[{"start":{"line":306,"column":8},"end":{"line":306,"column":8},"skip":true},{"start":{"line":306,"column":8},"end":{"line":306,"column":8},"skip":true}]},"26":{"line":310,"type":"if","locations":[{"start":{"line":310,"column":8},"end":{"line":310,"column":8},"skip":true},{"start":{"line":310,"column":8},"end":{"line":310,"column":8},"skip":true}]},"27":{"line":313,"type":"binary-expr","locations":[{"start":{"line":313,"column":27},"end":{"line":313,"column":43},"skip":true},{"start":{"line":313,"column":47},"end":{"line":313,"column":53},"skip":true}]},"28":{"line":317,"type":"if","locations":[{"start":{"line":317,"column":12},"end":{"line":317,"column":12},"skip":true},{"start":{"line":317,"column":12},"end":{"line":317,"column":12},"skip":true}]}},"code":["/*","example.js","","quickstart example","","instruction","    1. save this script as example.js","    2. run the shell command:","        $ npm install npmtest-maxmind-db-reader && PORT=8081 node example.js","    3. play with the browser-demo on http://127.0.0.1:8081","*/","","","","/* istanbul instrument in package npmtest_maxmind_db_reader */","/*jslint","    bitwise: true,","    browser: true,","    maxerr: 8,","    maxlen: 96,","    node: true,","    nomen: true,","    regexp: true,","    stupid: true","*/","(function () {","    'use strict';","    var local;","","","","    // run shared js-env code - pre-init","    (function () {","        // init local","        local = {};","        // init modeJs","        local.modeJs = (function () {","            try {","                return typeof navigator.userAgent === 'string' &&","                    typeof document.querySelector('body') === 'object' &&","                    typeof XMLHttpRequest.prototype.open === 'function' &&","                    'browser';","            } catch (errorCaughtBrowser) {","                return module.exports &&","                    typeof process.versions.node === 'string' &&","                    typeof require('http').createServer === 'function' &&","                    'node';","            }","        }());","        // init global","        local.global = local.modeJs === 'browser'","            ? window","            : global;","        // init utility2_rollup","        local = local.global.utility2_rollup || (local.modeJs === 'browser'","            ? local.global.utility2_npmtest_maxmind_db_reader","            : global.utility2_moduleExports);","        // export local","        local.global.local = local;","    }());","    switch (local.modeJs) {","","","","    // post-init","    // run browser js-env code - post-init","    /* istanbul ignore next */","    case 'browser':","        local.testRunBrowser = function (event) {","            if (!event || (event &&","                    event.currentTarget &&","                    event.currentTarget.className &&","                    event.currentTarget.className.includes &&","                    event.currentTarget.className.includes('onreset'))) {","                // reset output","                Array.from(","                    document.querySelectorAll('body > .resettable')","                ).forEach(function (element) {","                    switch (element.tagName) {","                    case 'INPUT':","                    case 'TEXTAREA':","                        element.value = '';","                        break;","                    default:","                        element.textContent = '';","                    }","                });","            }","            switch (event && event.currentTarget && event.currentTarget.id) {","            case 'testRunButton1':","                // show tests","                if (document.querySelector('#testReportDiv1').style.display === 'none') {","                    document.querySelector('#testReportDiv1').style.display = 'block';","                    document.querySelector('#testRunButton1').textContent =","                        'hide internal test';","                    local.modeTest = true;","                    local.testRunDefault(local);","                // hide tests","                } else {","                    document.querySelector('#testReportDiv1').style.display = 'none';","                    document.querySelector('#testRunButton1').textContent = 'run internal test';","                }","                break;","            // custom-case","            default:","                break;","            }","            if (document.querySelector('#inputTextareaEval1') && (!event || (event &&","                    event.currentTarget &&","                    event.currentTarget.className &&","                    event.currentTarget.className.includes &&","                    event.currentTarget.className.includes('oneval')))) {","                // try to eval input-code","                try {","                    /*jslint evil: true*/","                    eval(document.querySelector('#inputTextareaEval1').value);","                } catch (errorCaught) {","                    console.error(errorCaught);","                }","            }","        };","        // log stderr and stdout to #outputTextareaStdout1","        ['error', 'log'].forEach(function (key) {","            console[key + '_original'] = console[key];","            console[key] = function () {","                var element;","                console[key + '_original'].apply(console, arguments);","                element = document.querySelector('#outputTextareaStdout1');","                if (!element) {","                    return;","                }","                // append text to #outputTextareaStdout1","                element.value += Array.from(arguments).map(function (arg) {","                    return typeof arg === 'string'","                        ? arg","                        : JSON.stringify(arg, null, 4);","                }).join(' ') + '\\n';","                // scroll textarea to bottom","                element.scrollTop = element.scrollHeight;","            };","        });","        // init event-handling","        ['change', 'click', 'keyup'].forEach(function (event) {","            Array.from(document.querySelectorAll('.on' + event)).forEach(function (element) {","                element.addEventListener(event, local.testRunBrowser);","            });","        });","        // run tests","        local.testRunBrowser();","        break;","","","","    // run node js-env code - post-init","    /* istanbul ignore next */","    case 'node':","        // export local","        module.exports = local;","        // require modules","        local.fs = require('fs');","        local.http = require('http');","        local.url = require('url');","        // init assets","        local.assetsDict = local.assetsDict || {};","        /* jslint-ignore-begin */","        local.assetsDict['/assets.index.template.html'] = '\\","<!doctype html>\\n\\","<html lang=\"en\">\\n\\","<head>\\n\\","<meta charset=\"UTF-8\">\\n\\","<meta name=\"viewport\" content=\"width=device-width, initial-scale=1\">\\n\\","<title>{{env.npm_package_name}} (v{{env.npm_package_version}})</title>\\n\\","<style>\\n\\","/*csslint\\n\\","    box-sizing: false,\\n\\","    universal-selector: false\\n\\","*/\\n\\","* {\\n\\","    box-sizing: border-box;\\n\\","}\\n\\","body {\\n\\","    background: #dde;\\n\\","    font-family: Arial, Helvetica, sans-serif;\\n\\","    margin: 2rem;\\n\\","}\\n\\","body > * {\\n\\","    margin-bottom: 1rem;\\n\\","}\\n\\",".utility2FooterDiv {\\n\\","    margin-top: 20px;\\n\\","    text-align: center;\\n\\","}\\n\\","</style>\\n\\","<style>\\n\\","/*csslint\\n\\","*/\\n\\","textarea {\\n\\","    font-family: monospace;\\n\\","    height: 10rem;\\n\\","    width: 100%;\\n\\","}\\n\\","textarea[readonly] {\\n\\","    background: #ddd;\\n\\","}\\n\\","</style>\\n\\","</head>\\n\\","<body>\\n\\","<!-- utility2-comment\\n\\","<div id=\"ajaxProgressDiv1\" style=\"background: #d00; height: 2px; left: 0; margin: 0; padding: 0; position: fixed; top: 0; transition: background 0.5s, width 1.5s; width: 25%;\"></div>\\n\\","utility2-comment -->\\n\\","<h1>\\n\\","<!-- utility2-comment\\n\\","    <a\\n\\","        {{#if env.npm_package_homepage}}\\n\\","        href=\"{{env.npm_package_homepage}}\"\\n\\","        {{/if env.npm_package_homepage}}\\n\\","        target=\"_blank\"\\n\\","    >\\n\\","utility2-comment -->\\n\\","        {{env.npm_package_name}} (v{{env.npm_package_version}})\\n\\","<!-- utility2-comment\\n\\","    </a>\\n\\","utility2-comment -->\\n\\","</h1>\\n\\","<h3>{{env.npm_package_description}}</h3>\\n\\","<!-- utility2-comment\\n\\","<h4><a download href=\"assets.app.js\">download standalone app</a></h4>\\n\\","<button class=\"onclick onreset\" id=\"testRunButton1\">run internal test</button><br>\\n\\","<div id=\"testReportDiv1\" style=\"display: none;\"></div>\\n\\","utility2-comment -->\\n\\","\\n\\","\\n\\","\\n\\","<label>stderr and stdout</label>\\n\\","<textarea class=\"resettable\" id=\"outputTextareaStdout1\" readonly></textarea>\\n\\","<!-- utility2-comment\\n\\","{{#if isRollup}}\\n\\","<script src=\"assets.app.js\"></script>\\n\\","{{#unless isRollup}}\\n\\","utility2-comment -->\\n\\","<script src=\"assets.utility2.rollup.js\"></script>\\n\\","<script src=\"jsonp.utility2._stateInit?callback=window.utility2._stateInit\"></script>\\n\\","<script src=\"assets.npmtest_maxmind_db_reader.rollup.js\"></script>\\n\\","<script src=\"assets.example.js\"></script>\\n\\","<script src=\"assets.test.js\"></script>\\n\\","<!-- utility2-comment\\n\\","{{/if isRollup}}\\n\\","utility2-comment -->\\n\\","<div class=\"utility2FooterDiv\">\\n\\","    [ this app was created with\\n\\","    <a href=\"https://github.com/kaizhu256/node-utility2\" target=\"_blank\">utility2</a>\\n\\","    ]\\n\\","</div>\\n\\","</body>\\n\\","</html>\\n\\","';","        /* jslint-ignore-end */","        if (local.templateRender) {","            local.assetsDict['/'] = local.templateRender(","                local.assetsDict['/assets.index.template.html'],","                {","                    env: local.objectSetDefault(local.env, {","                        npm_package_description: 'the greatest app in the world!',","                        npm_package_name: 'my-app',","                        npm_package_nameAlias: 'my_app',","                        npm_package_version: '0.0.1'","                    })","                }","            );","        } else {","            local.assetsDict['/'] = local.assetsDict['/assets.index.template.html']","                .replace((/\\{\\{env\\.(\\w+?)\\}\\}/g), function (match0, match1) {","                    // jslint-hack","                    String(match0);","                    switch (match1) {","                    case 'npm_package_description':","                        return 'the greatest app in the world!';","                    case 'npm_package_name':","                        return 'my-app';","                    case 'npm_package_nameAlias':","                        return 'my_app';","                    case 'npm_package_version':","                        return '0.0.1';","                    }","                });","        }","        // run the cli","        if (local.global.utility2_rollup || module !== require.main) {","            break;","        }","        local.assetsDict['/assets.example.js'] =","            local.assetsDict['/assets.example.js'] ||","            local.fs.readFileSync(__filename, 'utf8');","        // bug-workaround - long $npm_package_buildCustomOrg","        /* jslint-ignore-begin */","        local.assetsDict['/assets.npmtest_maxmind_db_reader.rollup.js'] =","            local.assetsDict['/assets.npmtest_maxmind_db_reader.rollup.js'] ||","            local.fs.readFileSync(","                local.npmtest_maxmind_db_reader.__dirname + '/lib.npmtest_maxmind_db_reader.js',","                'utf8'","            ).replace((/^#!/), '//');","        /* jslint-ignore-end */","        local.assetsDict['/favicon.ico'] = local.assetsDict['/favicon.ico'] || '';","        // if $npm_config_timeout_exit exists,","        // then exit this process after $npm_config_timeout_exit ms","        if (Number(process.env.npm_config_timeout_exit)) {","            setTimeout(process.exit, Number(process.env.npm_config_timeout_exit));","        }","        // start server","        if (local.global.utility2_serverHttp1) {","            break;","        }","        process.env.PORT = process.env.PORT || '8081';","        console.error('server starting on port ' + process.env.PORT);","        local.http.createServer(function (request, response) {","            request.urlParsed = local.url.parse(request.url);","            if (local.assetsDict[request.urlParsed.pathname] !== undefined) {","                response.end(local.assetsDict[request.urlParsed.pathname]);","                return;","            }","            response.statusCode = 404;","            response.end();","        }).listen(process.env.PORT);","        break;","    }","}());",""],"l":{"26":2,"28":2,"33":2,"35":2,"37":2,"38":2,"39":2,"44":1,"51":2,"55":2,"59":2,"61":2,"69":1,"70":2,"76":2,"79":2,"82":2,"83":2,"85":1,"89":2,"92":1,"93":1,"94":1,"96":1,"97":1,"100":1,"101":1,"103":1,"106":1,"108":2,"114":1,"116":1,"118":1,"123":1,"124":2,"125":2,"126":3,"127":3,"128":3,"129":3,"130":1,"133":3,"134":3,"139":3,"143":1,"144":3,"145":1,"149":1,"150":1,"158":1,"160":1,"161":1,"162":1,"164":1,"166":1,"258":1,"259":1,"271":1,"274":6,"275":6,"277":1,"279":2,"281":1,"283":2,"288":1,"289":1,"291":1,"296":1,"303":1,"306":1,"307":1,"310":1,"311":1,"313":1,"314":1,"315":1,"316":1,"317":1,"318":1,"319":1,"321":1,"322":1,"324":1}},"/home/travis/build/npmtest/node-npmtest-maxmind-db-reader/node_modules/maxmind-db-reader/index.js":{"path":"/home/travis/build/npmtest/node-npmtest-maxmind-db-reader/node_modules/maxmind-db-reader/index.js","s":{"1":1,"2":1,"3":1,"4":0,"5":0,"6":1,"7":0,"8":0,"9":0,"10":0,"11":0,"12":0,"13":1,"14":0,"15":0,"16":0,"17":1,"18":0,"19":1,"20":0,"21":1,"22":0},"b":{"1":[0,0],"2":[0,0]},"f":{"1":0,"2":0,"3":0,"4":0,"5":0,"6":0,"7":0},"fnMap":{"1":{"name":"MaxmindDBReader","line":7,"loc":{"start":{"line":7,"column":0},"end":{"line":7,"column":27}}},"2":{"name":"openAsync","line":13,"loc":{"start":{"line":13,"column":23},"end":{"line":13,"column":62}}},"3":{"name":"(anonymous_3)","line":14,"loc":{"start":{"line":14,"column":26},"end":{"line":14,"column":47}}},"4":{"name":"openSync","line":24,"loc":{"start":{"line":24,"column":27},"end":{"line":24,"column":55}}},"5":{"name":"getGeoData","line":30,"loc":{"start":{"line":30,"column":39},"end":{"line":30,"column":80}}},"6":{"name":"getGeoDataSync","line":34,"loc":{"start":{"line":34,"column":43},"end":{"line":34,"column":78}}},"7":{"name":"getDatabaseMetadata","line":38,"loc":{"start":{"line":38,"column":48},"end":{"line":38,"column":79}}}},"statementMap":{"1":{"start":{"line":3,"column":0},"end":{"line":3,"column":40}},"2":{"start":{"line":5,"column":0},"end":{"line":5,"column":33}},"3":{"start":{"line":7,"column":0},"end":{"line":11,"column":1}},"4":{"start":{"line":9,"column":1},"end":{"line":10,"column":31}},"5":{"start":{"line":10,"column":2},"end":{"line":10,"column":31}},"6":{"start":{"line":13,"column":0},"end":{"line":22,"column":2}},"7":{"start":{"line":14,"column":4},"end":{"line":21,"column":7}},"8":{"start":{"line":15,"column":8},"end":{"line":17,"column":9}},"9":{"start":{"line":16,"column":12},"end":{"line":16,"column":33}},"10":{"start":{"line":18,"column":8},"end":{"line":18,"column":43}},"11":{"start":{"line":19,"column":8},"end":{"line":19,"column":35}},"12":{"start":{"line":20,"column":8},"end":{"line":20,"column":34}},"13":{"start":{"line":24,"column":0},"end":{"line":28,"column":2}},"14":{"start":{"line":25,"column":4},"end":{"line":25,"column":39}},"15":{"start":{"line":26,"column":4},"end":{"line":26,"column":50}},"16":{"start":{"line":27,"column":4},"end":{"line":27,"column":22}},"17":{"start":{"line":30,"column":0},"end":{"line":32,"column":2}},"18":{"start":{"line":31,"column":4},"end":{"line":31,"column":41}},"19":{"start":{"line":34,"column":0},"end":{"line":36,"column":2}},"20":{"start":{"line":35,"column":4},"end":{"line":35,"column":42}},"21":{"start":{"line":38,"column":0},"end":{"line":40,"column":2}},"22":{"start":{"line":39,"column":4},"end":{"line":39,"column":37}}},"branchMap":{"1":{"line":9,"type":"if","locations":[{"start":{"line":9,"column":1},"end":{"line":9,"column":1}},{"start":{"line":9,"column":1},"end":{"line":9,"column":1}}]},"2":{"line":15,"type":"if","locations":[{"start":{"line":15,"column":8},"end":{"line":15,"column":8}},{"start":{"line":15,"column":8},"end":{"line":15,"column":8}}]}},"code":["'use strict';","","var Reader = require('./lib/Reader.js');","","module.exports = MaxmindDBReader;","","function MaxmindDBReader() {","\t// allow creation without 'new' keyword","\tif (!(this instanceof MaxmindDBReader))","\t\treturn new MaxmindDBReader();","}","","MaxmindDBReader.open = function openAsync(database, callback) {","    Reader.open(database, function(err, reader){","        if(err){","            return callback(err);","        }","        var mmdbreader = MaxmindDBReader();","        mmdbreader.reader = reader;","        callback(null,mmdbreader);","    });","};","","MaxmindDBReader.openSync = function openSync(database) {","    var mmdbreader = MaxmindDBReader();","    mmdbreader.reader = Reader.openSync(database);","    return mmdbreader;","};","","MaxmindDBReader.prototype.getGeoData = function getGeoData(ipAddress, callback) {","    this.reader.get(ipAddress, callback);","};","","MaxmindDBReader.prototype.getGeoDataSync = function getGeoDataSync(ipAddress) {","    return this.reader.getSync(ipAddress);","};","","MaxmindDBReader.prototype.getDatabaseMetadata = function getDatabaseMetadata() {","    return this.reader.getMetadata();","};",""],"l":{"3":1,"5":1,"7":1,"9":0,"10":0,"13":1,"14":0,"15":0,"16":0,"18":0,"19":0,"20":0,"24":1,"25":0,"26":0,"27":0,"30":1,"31":0,"34":1,"35":0,"38":1,"39":0}},"/home/travis/build/npmtest/node-npmtest-maxmind-db-reader/node_modules/maxmind-db-reader/lib/Reader.js":{"path":"/home/travis/build/npmtest/node-npmtest-maxmind-db-reader/node_modules/maxmind-db-reader/lib/Reader.js","s":{"1":1,"2":1,"3":1,"4":1,"5":0,"6":0,"7":0,"8":0,"9":0,"10":0,"11":0,"12":0,"13":0,"14":0,"15":0,"16":0,"17":0,"18":0,"19":1,"20":0,"21":0,"22":0,"23":0,"24":0,"25":0,"26":0,"27":0,"28":0,"29":1,"30":0,"31":0,"32":0,"33":0,"34":1,"35":0,"36":0,"37":1,"38":0,"39":0,"40":0,"41":0,"42":0,"43":1,"44":0,"45":0,"46":0,"47":0,"48":0,"49":0,"50":0,"51":0,"52":0,"53":0,"54":0,"55":0,"56":0,"57":1,"58":0,"59":0,"60":0,"61":0,"62":0,"63":0,"64":0,"65":0,"66":0,"67":0,"68":0,"69":0,"70":0,"71":0,"72":1,"73":0,"74":0,"75":1,"76":0,"77":0,"78":0,"79":0,"80":0,"81":1,"82":0},"b":{"1":[0,0],"2":[0,0],"3":[0,0],"4":[0,0],"5":[0,0],"6":[0,0],"7":[0,0],"8":[0,0],"9":[0,0],"10":[0,0],"11":[0,0],"12":[0,0],"13":[0,0],"14":[0,0],"15":[0,0,0,0],"16":[0,0],"17":[0,0]},"f":{"1":0,"2":0,"3":0,"4":0,"5":0,"6":0,"7":0,"8":0,"9":0,"10":0,"11":0,"12":0,"13":0,"14":0,"15":0},"fnMap":{"1":{"name":"Reader","line":12,"loc":{"start":{"line":12,"column":0},"end":{"line":12,"column":18}}},"2":{"name":"openAsync","line":15,"loc":{"start":{"line":15,"column":14},"end":{"line":15,"column":53}}},"3":{"name":"db","line":18,"loc":{"start":{"line":18,"column":26},"end":{"line":18,"column":49}}},"4":{"name":"decoded","line":25,"loc":{"start":{"line":25,"column":38},"end":{"line":25,"column":70}}},"5":{"name":"openSync","line":36,"loc":{"start":{"line":36,"column":18},"end":{"line":36,"column":46}}},"6":{"name":"findMetadataStart","line":50,"loc":{"start":{"line":50,"column":37},"end":{"line":50,"column":70}}},"7":{"name":"getSync","line":61,"loc":{"start":{"line":61,"column":27},"end":{"line":61,"column":55}}},"8":{"name":"get","line":66,"loc":{"start":{"line":66,"column":23},"end":{"line":66,"column":57}}},"9":{"name":"(anonymous_9)","line":69,"loc":{"start":{"line":69,"column":25},"end":{"line":69,"column":37}}},"10":{"name":"findAddressInTree","line":77,"loc":{"start":{"line":77,"column":37},"end":{"line":77,"column":75}}},"11":{"name":"readNode","line":112,"loc":{"start":{"line":112,"column":28},"end":{"line":112,"column":65}}},"12":{"name":"resolveDataPointerSync","line":139,"loc":{"start":{"line":139,"column":42},"end":{"line":139,"column":83}}},"13":{"name":"resolveDataPointer","line":145,"loc":{"start":{"line":145,"column":38},"end":{"line":145,"column":85}}},"14":{"name":"(anonymous_14)","line":148,"loc":{"start":{"line":148,"column":34},"end":{"line":148,"column":55}}},"15":{"name":"metadata","line":154,"loc":{"start":{"line":154,"column":31},"end":{"line":154,"column":51}}}},"statementMap":{"1":{"start":{"line":3,"column":0},"end":{"line":8,"column":40}},"2":{"start":{"line":10,"column":0},"end":{"line":10,"column":24}},"3":{"start":{"line":12,"column":0},"end":{"line":13,"column":1}},"4":{"start":{"line":15,"column":0},"end":{"line":34,"column":2}},"5":{"start":{"line":16,"column":4},"end":{"line":16,"column":30}},"6":{"start":{"line":17,"column":4},"end":{"line":17,"column":31}},"7":{"start":{"line":18,"column":4},"end":{"line":33,"column":7}},"8":{"start":{"line":19,"column":8},"end":{"line":21,"column":9}},"9":{"start":{"line":20,"column":12},"end":{"line":20,"column":47}},"10":{"start":{"line":22,"column":8},"end":{"line":22,"column":33}},"11":{"start":{"line":23,"column":8},"end":{"line":23,"column":60}},"12":{"start":{"line":24,"column":8},"end":{"line":24,"column":60}},"13":{"start":{"line":25,"column":8},"end":{"line":32,"column":11}},"14":{"start":{"line":26,"column":12},"end":{"line":28,"column":13}},"15":{"start":{"line":27,"column":16},"end":{"line":27,"column":57}},"16":{"start":{"line":29,"column":12},"end":{"line":29,"column":56}},"17":{"start":{"line":30,"column":12},"end":{"line":30,"column":127}},"18":{"start":{"line":31,"column":12},"end":{"line":31,"column":47}},"19":{"start":{"line":36,"column":0},"end":{"line":48,"column":2}},"20":{"start":{"line":37,"column":4},"end":{"line":37,"column":30}},"21":{"start":{"line":38,"column":4},"end":{"line":38,"column":46}},"22":{"start":{"line":40,"column":4},"end":{"line":40,"column":50}},"23":{"start":{"line":42,"column":4},"end":{"line":42,"column":56}},"24":{"start":{"line":43,"column":4},"end":{"line":43,"column":56}},"25":{"start":{"line":44,"column":4},"end":{"line":44,"column":54}},"26":{"start":{"line":45,"column":4},"end":{"line":45,"column":53}},"27":{"start":{"line":46,"column":4},"end":{"line":46,"column":119}},"28":{"start":{"line":47,"column":4},"end":{"line":47,"column":18}},"29":{"start":{"line":50,"column":0},"end":{"line":59,"column":2}},"30":{"start":{"line":51,"column":4},"end":{"line":54,"column":9}},"31":{"start":{"line":55,"column":4},"end":{"line":57,"column":5}},"32":{"start":{"line":56,"column":8},"end":{"line":56,"column":84}},"33":{"start":{"line":58,"column":4},"end":{"line":58,"column":25}},"34":{"start":{"line":61,"column":0},"end":{"line":64,"column":2}},"35":{"start":{"line":62,"column":4},"end":{"line":62,"column":52}},"36":{"start":{"line":63,"column":4},"end":{"line":63,"column":73}},"37":{"start":{"line":66,"column":0},"end":{"line":75,"column":2}},"38":{"start":{"line":67,"column":4},"end":{"line":67,"column":52}},"39":{"start":{"line":68,"column":4},"end":{"line":74,"column":5}},"40":{"start":{"line":69,"column":8},"end":{"line":71,"column":11}},"41":{"start":{"line":70,"column":12},"end":{"line":70,"column":33}},"42":{"start":{"line":73,"column":8},"end":{"line":73,"column":51}},"43":{"start":{"line":77,"column":0},"end":{"line":110,"column":2}},"44":{"start":{"line":78,"column":4},"end":{"line":86,"column":9}},"45":{"start":{"line":88,"column":4},"end":{"line":107,"column":5}},"46":{"start":{"line":89,"column":8},"end":{"line":89,"column":16}},"47":{"start":{"line":91,"column":8},"end":{"line":94,"column":9}},"48":{"start":{"line":92,"column":12},"end":{"line":92,"column":76}},"49":{"start":{"line":93,"column":12},"end":{"line":93,"column":47}},"50":{"start":{"line":96,"column":8},"end":{"line":96,"column":45}},"51":{"start":{"line":98,"column":8},"end":{"line":100,"column":9}},"52":{"start":{"line":99,"column":12},"end":{"line":99,"column":21}},"53":{"start":{"line":102,"column":8},"end":{"line":104,"column":9}},"54":{"start":{"line":103,"column":12},"end":{"line":103,"column":26}},"55":{"start":{"line":106,"column":8},"end":{"line":106,"column":25}},"56":{"start":{"line":109,"column":4},"end":{"line":109,"column":16}},"57":{"start":{"line":112,"column":0},"end":{"line":137,"column":2}},"58":{"start":{"line":113,"column":4},"end":{"line":116,"column":9}},"59":{"start":{"line":118,"column":4},"end":{"line":118,"column":19}},"60":{"start":{"line":120,"column":4},"end":{"line":136,"column":5}},"61":{"start":{"line":122,"column":12},"end":{"line":122,"column":43}},"62":{"start":{"line":123,"column":12},"end":{"line":123,"column":62}},"63":{"start":{"line":124,"column":12},"end":{"line":124,"column":48}},"64":{"start":{"line":126,"column":12},"end":{"line":126,"column":69}},"65":{"start":{"line":127,"column":12},"end":{"line":127,"column":74}},"66":{"start":{"line":128,"column":12},"end":{"line":128,"column":43}},"67":{"start":{"line":129,"column":12},"end":{"line":129,"column":62}},"68":{"start":{"line":130,"column":12},"end":{"line":130,"column":41}},"69":{"start":{"line":131,"column":12},"end":{"line":131,"column":48}},"70":{"start":{"line":133,"column":12},"end":{"line":133,"column":78}},"71":{"start":{"line":135,"column":12},"end":{"line":135,"column":73}},"72":{"start":{"line":139,"column":0},"end":{"line":143,"column":2}},"73":{"start":{"line":140,"column":4},"end":{"line":140,"column":94}},"74":{"start":{"line":142,"column":4},"end":{"line":142,"column":48}},"75":{"start":{"line":145,"column":0},"end":{"line":152,"column":2}},"76":{"start":{"line":146,"column":4},"end":{"line":146,"column":94}},"77":{"start":{"line":148,"column":4},"end":{"line":151,"column":7}},"78":{"start":{"line":149,"column":8},"end":{"line":149,"column":38}},"79":{"start":{"line":149,"column":17},"end":{"line":149,"column":38}},"80":{"start":{"line":150,"column":8},"end":{"line":150,"column":32}},"81":{"start":{"line":154,"column":0},"end":{"line":156,"column":2}},"82":{"start":{"line":155,"column":4},"end":{"line":155,"column":25}}},"branchMap":{"1":{"line":19,"type":"if","locations":[{"start":{"line":19,"column":8},"end":{"line":19,"column":8}},{"start":{"line":19,"column":8},"end":{"line":19,"column":8}}]},"2":{"line":20,"type":"binary-expr","locations":[{"start":{"line":20,"column":20},"end":{"line":20,"column":28}},{"start":{"line":20,"column":32},"end":{"line":20,"column":45}}]},"3":{"line":26,"type":"if","locations":[{"start":{"line":26,"column":12},"end":{"line":26,"column":12}},{"start":{"line":26,"column":12},"end":{"line":26,"column":12}}]},"4":{"line":27,"type":"binary-expr","locations":[{"start":{"line":27,"column":24},"end":{"line":27,"column":32}},{"start":{"line":27,"column":36},"end":{"line":27,"column":55}}]},"5":{"line":31,"type":"binary-expr","locations":[{"start":{"line":31,"column":12},"end":{"line":31,"column":20}},{"start":{"line":31,"column":24},"end":{"line":31,"column":46}}]},"6":{"line":55,"type":"binary-expr","locations":[{"start":{"line":55,"column":11},"end":{"line":55,"column":24}},{"start":{"line":55,"column":28},"end":{"line":55,"column":39}}]},"7":{"line":56,"type":"cond-expr","locations":[{"start":{"line":56,"column":73},"end":{"line":56,"column":74}},{"start":{"line":56,"column":77},"end":{"line":56,"column":83}}]},"8":{"line":63,"type":"cond-expr","locations":[{"start":{"line":63,"column":29},"end":{"line":63,"column":33}},{"start":{"line":63,"column":36},"end":{"line":63,"column":72}}]},"9":{"line":68,"type":"if","locations":[{"start":{"line":68,"column":4},"end":{"line":68,"column":4}},{"start":{"line":68,"column":4},"end":{"line":68,"column":4}}]},"10":{"line":81,"type":"binary-expr","locations":[{"start":{"line":81,"column":31},"end":{"line":81,"column":45}},{"start":{"line":81,"column":49},"end":{"line":81,"column":83}}]},"11":{"line":82,"type":"cond-expr","locations":[{"start":{"line":82,"column":43},"end":{"line":82,"column":45}},{"start":{"line":82,"column":48},"end":{"line":82,"column":49}}]},"12":{"line":91,"type":"if","locations":[{"start":{"line":91,"column":8},"end":{"line":91,"column":8}},{"start":{"line":91,"column":8},"end":{"line":91,"column":8}}]},"13":{"line":98,"type":"if","locations":[{"start":{"line":98,"column":8},"end":{"line":98,"column":8}},{"start":{"line":98,"column":8},"end":{"line":98,"column":8}}]},"14":{"line":102,"type":"if","locations":[{"start":{"line":102,"column":8},"end":{"line":102,"column":8}},{"start":{"line":102,"column":8},"end":{"line":102,"column":8}}]},"15":{"line":120,"type":"switch","locations":[{"start":{"line":121,"column":8},"end":{"line":124,"column":48}},{"start":{"line":125,"column":8},"end":{"line":131,"column":48}},{"start":{"line":132,"column":8},"end":{"line":133,"column":78}},{"start":{"line":134,"column":8},"end":{"line":135,"column":73}}]},"16":{"line":127,"type":"cond-expr","locations":[{"start":{"line":127,"column":37},"end":{"line":127,"column":57}},{"start":{"line":127,"column":60},"end":{"line":127,"column":73}}]},"17":{"line":149,"type":"if","locations":[{"start":{"line":149,"column":8},"end":{"line":149,"column":8}},{"start":{"line":149,"column":8},"end":{"line":149,"column":8}}]}},"code":["'use strict';","","var DATA_SECTION_SEPARATOR_SIZE = 16,","    METADATA_START_MARKER = new Buffer('ABCDEF4D61784D696E642E636F6D', 'hex'),","    fs = require('fs'),","    Metadata = require('./Metadata.js'),","    Decoder = require('./Decoder.js'),","    IPParser = require('./IPParser.js');","","module.exports = Reader;","","function Reader() {","}","","Reader.open = function openAsync(database, callback) {","    var reader = new Reader();","    var start, metadataDecoder;","    fs.readFile(database, function db(err, data) {","        if (err) {","            return (callback && callback(err));","        }","        reader.fileHandle = data;","        start = reader.findMetadataStart(reader.fileHandle);","        metadataDecoder = new Decoder(reader.fileHandle, 0);","        metadataDecoder.decode(start, function decoded(err, metadata) {","            if (err) {","                return (callback && callback(err, null));","            }","            reader.metadata = new Metadata(metadata[0]);","            reader.decoder = new Decoder(reader.fileHandle, reader.metadata.getSearchTreeSize() + DATA_SECTION_SEPARATOR_SIZE);","            callback && callback(null, reader);","        });","    });","};","","Reader.openSync = function openSync(database) {","    var reader = new Reader();","    var start, metadataDecoder, metadataArray;","","    reader.fileHandle = fs.readFileSync(database);","","    start = reader.findMetadataStart(reader.fileHandle);","    metadataDecoder = new Decoder(reader.fileHandle, 0);","    metadataArray = metadataDecoder.decodeSync(start);","    reader.metadata = new Metadata(metadataArray[0]);","    reader.decoder = new Decoder(reader.fileHandle, reader.metadata.getSearchTreeSize() + DATA_SECTION_SEPARATOR_SIZE);","    return reader;","};","","Reader.prototype.findMetadataStart = function findMetadataStart(file) {","    var found = 0,","        mlen = METADATA_START_MARKER.length - 1,","        fsize = file.length - 1","        ;","    while (found <= mlen && fsize-- > 0) {","        found += (file[fsize] === METADATA_START_MARKER[mlen - found]) ? 1 : -found;","    }","    return fsize + found;","};","","Reader.prototype.getSync = function getSync(ipAddress) {","    var pointer = this.findAddressInTree(ipAddress);","    return (pointer === 0) ? null : this.resolveDataPointerSync(pointer);","};","","Reader.prototype.get = function get(ipAddress, callback) {","    var pointer = this.findAddressInTree(ipAddress);","    if (pointer === 0) {","        process.nextTick(function () {","            callback(null, null);","        });","    } else {","        this.resolveDataPointer(pointer, callback);","    }","};","","Reader.prototype.findAddressInTree = function findAddressInTree(ipAddress) {","    var bit, tempBit, record,","        rawAddress = IPParser(ipAddress),","        countRaw = rawAddress.length,","        isIp4AddressInIp6Db = (countRaw === 4 && this.metadata.getIpVersion() === 6),","        ipStartBit = isIp4AddressInIp6Db ? 96 : 0,","        nodeNum = 0,","        i = 0,","        len = countRaw * 8 + ipStartBit","        ;","","    for (i; i < len; i++) {","        bit = 0;","","        if (i >= ipStartBit) {","            tempBit = 0xFF & rawAddress[parseInt((i - ipStartBit) / 8, 10)];","            bit = 1 & (tempBit >> 7 - (i % 8));","        }","","        record = this.readNode(nodeNum, bit);","","        if (record === this.metadata.getNodeCount()) {","            return 0;","        }","","        if (record > this.metadata.getNodeCount()) {","            return record;","        }","","        nodeNum = record;","    }","","    return null;","};","","Reader.prototype.readNode = function readNode(nodeNumber, index) {","    var bytes, middle,","        buffer = new Buffer(4),","        baseOffset = nodeNumber * this.metadata.getNodeByteSize()","        ;","","    buffer.fill(0);","","    switch (this.metadata.getRecordSize()) {","        case 24:","            bytes = baseOffset + index * 3;","            this.fileHandle.copy(buffer, 1, bytes, bytes + 3);","            return buffer.readUInt32BE(0, true);","        case 28:","            middle = this.fileHandle.readUInt8(baseOffset + 3, true);","            middle = (index === 0) ? (0xF0 & middle) >> 4 : 0x0F & middle;","            bytes = baseOffset + index * 4;","            this.fileHandle.copy(buffer, 1, bytes, bytes + 3);","            buffer.writeUInt8(middle, 0);","            return buffer.readUInt32BE(0, true);","        case 32:","            return this.fileHandle.readUInt32BE(baseOffset + index * 4, true);","        default:","            throw new Error(\"MaxmindDBReader: Unknown Recordsize in DB\");","    }","};","","Reader.prototype.resolveDataPointerSync = function resolveDataPointerSync(pointer) {","    var resolved = pointer - this.metadata.getNodeCount() + this.metadata.getSearchTreeSize();","","    return this.decoder.decodeSync(resolved)[0];","};","","Reader.prototype.resolveDataPointer = function resolveDataPointer(pointer, callback) {","    var resolved = pointer - this.metadata.getNodeCount() + this.metadata.getSearchTreeSize();","","    this.decoder.decode(resolved, function (err, data) {","        if (err) return callback(err);","        callback(null, data[0]);","    });","};","","Reader.prototype.getMetadata = function metadata() {","    return this.metadata;","};",""],"l":{"3":1,"10":1,"12":1,"15":1,"16":0,"17":0,"18":0,"19":0,"20":0,"22":0,"23":0,"24":0,"25":0,"26":0,"27":0,"29":0,"30":0,"31":0,"36":1,"37":0,"38":0,"40":0,"42":0,"43":0,"44":0,"45":0,"46":0,"47":0,"50":1,"51":0,"55":0,"56":0,"58":0,"61":1,"62":0,"63":0,"66":1,"67":0,"68":0,"69":0,"70":0,"73":0,"77":1,"78":0,"88":0,"89":0,"91":0,"92":0,"93":0,"96":0,"98":0,"99":0,"102":0,"103":0,"106":0,"109":0,"112":1,"113":0,"118":0,"120":0,"122":0,"123":0,"124":0,"126":0,"127":0,"128":0,"129":0,"130":0,"131":0,"133":0,"135":0,"139":1,"140":0,"142":0,"145":1,"146":0,"148":0,"149":0,"150":0,"154":1,"155":0}},"/home/travis/build/npmtest/node-npmtest-maxmind-db-reader/node_modules/maxmind-db-reader/lib/Metadata.js":{"path":"/home/travis/build/npmtest/node-npmtest-maxmind-db-reader/node_modules/maxmind-db-reader/lib/Metadata.js","s":{"1":1,"2":1,"3":0,"4":0,"5":0,"6":0,"7":0,"8":0,"9":0,"10":0,"11":0,"12":0,"13":0,"14":1,"15":0,"16":1,"17":0,"18":1,"19":0,"20":1,"21":0,"22":1,"23":0,"24":1,"25":0,"26":1,"27":0,"28":1,"29":0,"30":1,"31":0,"32":1,"33":0,"34":1,"35":0},"b":{},"f":{"1":0,"2":0,"3":0,"4":0,"5":0,"6":0,"7":0,"8":0,"9":0,"10":0,"11":0,"12":0},"fnMap":{"1":{"name":"Metadata","line":5,"loc":{"start":{"line":5,"column":0},"end":{"line":5,"column":28}}},"2":{"name":"getBinaryFormatMajorVersion","line":19,"loc":{"start":{"line":19,"column":49},"end":{"line":19,"column":88}}},"3":{"name":"getBinaryFormatMinorVersion","line":23,"loc":{"start":{"line":23,"column":49},"end":{"line":23,"column":88}}},"4":{"name":"getBuildEpoch","line":27,"loc":{"start":{"line":27,"column":35},"end":{"line":27,"column":60}}},"5":{"name":"getDatabaseType","line":31,"loc":{"start":{"line":31,"column":37},"end":{"line":31,"column":64}}},"6":{"name":"getLanguages","line":35,"loc":{"start":{"line":35,"column":34},"end":{"line":35,"column":58}}},"7":{"name":"getDescription","line":39,"loc":{"start":{"line":39,"column":36},"end":{"line":39,"column":62}}},"8":{"name":"getIpVersion","line":43,"loc":{"start":{"line":43,"column":34},"end":{"line":43,"column":58}}},"9":{"name":"getNodeCount","line":47,"loc":{"start":{"line":47,"column":34},"end":{"line":47,"column":58}}},"10":{"name":"getRecordSize","line":51,"loc":{"start":{"line":51,"column":35},"end":{"line":51,"column":60}}},"11":{"name":"getNodeByteSize","line":55,"loc":{"start":{"line":55,"column":37},"end":{"line":55,"column":64}}},"12":{"name":"getSearchTreeSize","line":59,"loc":{"start":{"line":59,"column":39},"end":{"line":59,"column":68}}}},"statementMap":{"1":{"start":{"line":3,"column":0},"end":{"line":3,"column":26}},"2":{"start":{"line":5,"column":0},"end":{"line":17,"column":1}},"3":{"start":{"line":6,"column":4},"end":{"line":6,"column":73}},"4":{"start":{"line":7,"column":4},"end":{"line":7,"column":73}},"5":{"start":{"line":8,"column":4},"end":{"line":8,"column":72}},"6":{"start":{"line":9,"column":4},"end":{"line":9,"column":59}},"7":{"start":{"line":10,"column":4},"end":{"line":10,"column":55}},"8":{"start":{"line":11,"column":4},"end":{"line":11,"column":57}},"9":{"start":{"line":12,"column":4},"end":{"line":12,"column":56}},"10":{"start":{"line":13,"column":4},"end":{"line":13,"column":56}},"11":{"start":{"line":14,"column":4},"end":{"line":14,"column":57}},"12":{"start":{"line":15,"column":4},"end":{"line":15,"column":56}},"13":{"start":{"line":16,"column":4},"end":{"line":16,"column":71}},"14":{"start":{"line":19,"column":0},"end":{"line":21,"column":2}},"15":{"start":{"line":20,"column":4},"end":{"line":20,"column":41}},"16":{"start":{"line":23,"column":0},"end":{"line":25,"column":2}},"17":{"start":{"line":24,"column":4},"end":{"line":24,"column":41}},"18":{"start":{"line":27,"column":0},"end":{"line":29,"column":2}},"19":{"start":{"line":28,"column":4},"end":{"line":28,"column":27}},"20":{"start":{"line":31,"column":0},"end":{"line":33,"column":2}},"21":{"start":{"line":32,"column":4},"end":{"line":32,"column":29}},"22":{"start":{"line":35,"column":0},"end":{"line":37,"column":2}},"23":{"start":{"line":36,"column":4},"end":{"line":36,"column":26}},"24":{"start":{"line":39,"column":0},"end":{"line":41,"column":2}},"25":{"start":{"line":40,"column":4},"end":{"line":40,"column":28}},"26":{"start":{"line":43,"column":0},"end":{"line":45,"column":2}},"27":{"start":{"line":44,"column":4},"end":{"line":44,"column":26}},"28":{"start":{"line":47,"column":0},"end":{"line":49,"column":2}},"29":{"start":{"line":48,"column":4},"end":{"line":48,"column":26}},"30":{"start":{"line":51,"column":0},"end":{"line":53,"column":2}},"31":{"start":{"line":52,"column":4},"end":{"line":52,"column":27}},"32":{"start":{"line":55,"column":0},"end":{"line":57,"column":2}},"33":{"start":{"line":56,"column":4},"end":{"line":56,"column":29}},"34":{"start":{"line":59,"column":0},"end":{"line":61,"column":2}},"35":{"start":{"line":60,"column":4},"end":{"line":60,"column":31}}},"branchMap":{},"code":["'use strict';","","module.exports = Metadata;","","function Metadata(metadata) {","    this.binaryFormatMajorVersion = metadata.binary_format_major_version;","    this.binaryFormatMinorVersion = metadata.binary_format_minor_version;","    this.buildEpoch               = new Date(metadata.build_epoch*1000);","    this.databaseType             = metadata.database_type;","    this.languages                = metadata.languages;","    this.description              = metadata.description;","    this.ipVersion                = metadata.ip_version;","    this.nodeCount                = metadata.node_count;","    this.recordSize               = metadata.record_size;","    this.nodeByteSize             = this.recordSize / 4;","    this.searchTreeSize           = this.nodeCount * this.nodeByteSize;","}","","Metadata.prototype.getBinaryFormatMajorVersion = function getBinaryFormatMajorVersion() {","    return this.binaryFormatMajorVersion;","};","","Metadata.prototype.getBinaryFormatMinorVersion = function getBinaryFormatMinorVersion() {","    return this.binaryFormatMinorVersion;","};","","Metadata.prototype.getBuildEpoch = function getBuildEpoch() {","    return this.buildEpoch;","};","","Metadata.prototype.getDatabaseType = function getDatabaseType() {","    return this.databaseType;","};","","Metadata.prototype.getLanguages = function getLanguages() {","    return this.languages;","};","","Metadata.prototype.getDescription = function getDescription() {","    return this.description;","};","","Metadata.prototype.getIpVersion = function getIpVersion() {","    return this.ipVersion;","};","","Metadata.prototype.getNodeCount = function getNodeCount() {","    return this.nodeCount;","};","","Metadata.prototype.getRecordSize = function getRecordSize() {","    return this.recordSize;","};","","Metadata.prototype.getNodeByteSize = function getNodeByteSize() {","    return this.nodeByteSize;","};","","Metadata.prototype.getSearchTreeSize = function getSearchTreeSize() {","    return this.searchTreeSize;","};"],"l":{"3":1,"5":1,"6":0,"7":0,"8":0,"9":0,"10":0,"11":0,"12":0,"13":0,"14":0,"15":0,"16":0,"19":1,"20":0,"23":1,"24":0,"27":1,"28":0,"31":1,"32":0,"35":1,"36":0,"39":1,"40":0,"43":1,"44":0,"47":1,"48":0,"51":1,"52":0,"55":1,"56":0,"59":1,"60":0}},"/home/travis/build/npmtest/node-npmtest-maxmind-db-reader/node_modules/maxmind-db-reader/lib/Decoder.js":{"path":"/home/travis/build/npmtest/node-npmtest-maxmind-db-reader/node_modules/maxmind-db-reader/lib/Decoder.js","s":{"1":1,"2":1,"3":1,"4":0,"5":0,"6":0,"7":0,"8":1,"9":0,"10":0,"11":0,"12":0,"13":0,"14":0,"15":0,"16":0,"17":0,"18":0,"19":0,"20":0,"21":0,"22":0,"23":0,"24":0,"25":0,"26":0,"27":0,"28":1,"29":0,"30":0,"31":0,"32":0,"33":0,"34":0,"35":0,"36":0,"37":0,"38":0,"39":0,"40":0,"41":0,"42":0,"43":0,"44":1,"45":0,"46":0,"47":0,"48":0,"49":0,"50":0,"51":0,"52":0,"53":0,"54":0,"55":0,"56":0,"57":1,"58":0,"59":0,"60":0,"61":0,"62":0,"63":0,"64":0,"65":0,"66":0,"67":0,"68":0,"69":0,"70":0,"71":0,"72":0,"73":1,"74":0,"75":0,"76":0,"77":0,"78":0,"79":0,"80":0,"81":0,"82":0,"83":1,"84":0,"85":0,"86":0,"87":0,"88":0,"89":0,"90":0,"91":0,"92":1,"93":0,"94":0,"95":0,"96":0,"97":0,"98":1,"99":0,"100":0,"101":0,"102":0,"103":0,"104":0,"105":0,"106":0,"107":0,"108":0,"109":0,"110":0,"111":0,"112":1,"113":0,"114":0,"115":0,"116":0,"117":0,"118":0,"119":1,"120":0,"121":1,"122":0,"123":1,"124":0,"125":1,"126":0,"127":0,"128":0,"129":0,"130":0,"131":0,"132":0,"133":0,"134":0,"135":0,"136":0,"137":0,"138":0,"139":0,"140":0,"141":0,"142":0,"143":1,"144":0,"145":0,"146":0,"147":0,"148":0,"149":0,"150":0,"151":0,"152":1,"153":0,"154":1,"155":0,"156":1,"157":0,"158":0,"159":0,"160
[...]
nteger');","","module.exports = Decoder;","","function Decoder(fileStream, pointerBase) {","    this.fileStream = fileStream;","    this.pointerBase = pointerBase || 0;","    this.types = [","        'extended',         //  0","        'pointer',          //  1","        'utf8_string',      //  2","        'double',           //  3","        'bytes',            //  4","        'uint16',           //  5","        'uint32',           //  6","        'map',              //  7","        'int32',            //  8","        'uint64',           //  9","        'uint128',          // 10","        'array',            // 11","        'container',        // 12","        'end_marker',       // 13","        'boolean',          // 14","        'float'             // 15","    ];","    this.pointerValueOffset = [0, 0, 2048, 526336, 0];","}","","Decoder.prototype.decode = function decode(offset, callback, nexttick) {","    var tmp,","        that = this,","        ctrlByte = this.fileStream[offset++],","        type = this.types[ctrlByte >> 5]","        ;","","    if (type === 'pointer') {","        tmp = this.decodePointer(ctrlByte, offset);","        this.decode(tmp[0], function (err, data) {","            if (err) return callback(err);","            callback(null, [data[0], tmp[1]]);","        }, nexttick);","        return;","    }","","    if (type === 'extended') {","        tmp = this.fileStream[offset] + 7;","","        if (tmp < 8) {","            return callback(new Error('MaxmindDBReader: Invalid Extended Type at offset:' + offset));","        }","","        type = this.types[tmp];","        offset++;","    }","","    tmp = this.sizeFromCtrlByte(ctrlByte, offset);","    if (nexttick === false)","        this.decodeByType(type, tmp[1], tmp[0], callback);","    else","        process.nextTick(function () {","            that.decodeByType(type, tmp[1], tmp[0], callback);","        });","};","","Decoder.prototype.decodeByType = function decodeByType(type, offset, size, callback) {","    var newOffset = offset + size,","        bytes = this.read(offset, size)","        ;","","    switch (type) {","        case 'map':","            return this.decodeMap(size, offset, callback);","        case 'array':","            return this.decodeArray(size, offset, callback);","        case 'boolean':","            return callback(null, [this.decodeBoolean(size), offset]);","        case 'utf8_string':","            return callback(null, [this.decodeString(bytes), newOffset]);","        case 'double':","            return callback(null, [this.decodeDouble(bytes), newOffset]);","        case 'float':","            return callback(null, [this.decodeFloat(bytes), newOffset]);","        case 'bytes':","            return callback(null, [bytes, newOffset]);","        case 'uint16':","            return callback(null, [this.decodeUint16(bytes), newOffset]);","        case 'uint32':","            return callback(null, [this.decodeUint32(bytes), newOffset]);","        case 'int32':","            return callback(null, [this.decodeInt32(bytes), newOffset]);","        case 'uint64':","            return callback(null, [this.decodeUint64(bytes), newOffset]);","        case 'uint128':","            return callback(null, [this.decodeUint128(bytes), newOffset]);","    }","    callback(new Error(\"MaxmindDBReader: Unknown or unexpected type: \" + type + ' at offset:' + offset));","};","","Decoder.prototype.decodeSync = function decodeSync(offset) {","    var tmp,","        ctrlByte = this.fileStream[offset++],","        type = this.types[ctrlByte >> 5]","        ;","","    if (type === 'pointer') {","        tmp = this.decodePointer(ctrlByte, offset);","        return [this.decodeSync(tmp[0])[0], tmp[1]];","    }","","    if (type === 'extended') {","        tmp = this.fileStream[offset] + 7;","","        if (tmp < 8) {","            throw new Error('MaxmindDBReader: Invalid Extended Type at offset:' + offset);","        }","","        type = this.types[tmp];","        offset++;","    }","","    tmp = this.sizeFromCtrlByte(ctrlByte, offset);","","    return this.decodeByTypeSync(type, tmp[1], tmp[0]);","};","","Decoder.prototype.decodeByTypeSync = function decodeByTypeSync(type, offset, size) {","    var newOffset = offset + size,","        bytes = this.read(offset, size)","        ;","","    switch (type) {","        case 'map':","            return this.decodeMapSync(size, offset);","        case 'array':","            return this.decodeArraySync(size, offset);","        case 'boolean':","            return [this.decodeBoolean(size), offset];","        case 'utf8_string':","            return [this.decodeString(bytes), newOffset];","        case 'double':","            return [this.decodeDouble(bytes), newOffset];","        case 'float':","            return [this.decodeFloat(bytes), newOffset];","        case 'bytes':","            return [bytes, newOffset];","        case 'uint16':","            return [this.decodeUint16(bytes), newOffset];","        case 'uint32':","            return [this.decodeUint32(bytes), newOffset];","        case 'int32':","            return [this.decodeInt32(bytes), newOffset];","        case 'uint64':","            return [this.decodeUint64(bytes), newOffset];","        case 'uint128':","            return [this.decodeUint128(bytes), newOffset];","        default:","            throw new Error(\"MaxmindDBReader: Unknown or unexpected type: \" + type + ' at offset:' + offset);","    }","};","","Decoder.prototype.read = function read(offset, numberOfBytes) {","    var buf;","","    if (numberOfBytes === 0) {","        return new Buffer(0);","    }","","    if (numberOfBytes === 1) {","        return new Buffer([this.fileStream[offset]]);","    }","","    buf = new Buffer(numberOfBytes);","    buf.fill(0);","","    this.fileStream.copy(buf, 0, offset, offset + numberOfBytes);","","    return buf;","};","","Decoder.prototype.sizeFromCtrlByte = function sizeFromCtrlByte(ctrlByte, offset) {","    var size = ctrlByte & 0x1f,","        bytesToRead = size < 29 ? 0 : size - 28,","        bytes = this.read(offset, bytesToRead),","        decoded = this.decodeUint32(bytes)","        ;","","    if (size === 29) {","        size = 29 + decoded;","    } else if (size === 30) {","        size = 285 + decoded;","    } else if (size > 30) {","        size = (decoded & (0x0FFFFFFF >> (32 - (8 * bytesToRead)))) + 65821;","    }","","    return [size, offset + bytesToRead];","};","","Decoder.prototype.decodePointer = function decodePointer(ctrlByte, offset) {","    var packed, pointer,","        pointerSize = ((ctrlByte >> 3) & 0x3) + 1,","        buffer = this.read(offset, pointerSize)","        ;","","    offset += pointerSize;","","    packed = (pointerSize === 4) ? buffer : Buffer.concat([new Buffer([ctrlByte & 0x7]), buffer], buffer.length + 1);","","    pointer = this.decodeUint32(packed) + this.pointerBase + this.pointerValueOffset[pointerSize];","","    return [pointer, offset];","};","","Decoder.prototype.decodeArray = function decodeArray(size, offset, callback) {","    var that = this;","    process.nextTick(function () {","        var tmp,","            i = 1,","            array = [],","            cb = function (err, tmp) {","                if (err) {","                    return callback(err);","                }","                offset = tmp[1];","                array.push(tmp[0]);","                if (i++ < size) {","                    that.decode(offset, cb, i % 20 === 0);","                } else {","                    callback(null, [array, offset]);","                }","            };","        if (size === 0) callback(null, [[], offset]);","        that.decode(offset, cb, false);","    });","};","","Decoder.prototype.decodeArraySync = function decodeArraySync(size, offset) {","    var tmp,","        i = 0,","        array = []","        ;","","    for (i; i < size; i++) {","        tmp = this.decodeSync(offset);","        offset = tmp[1];","        array.push(tmp[0]);","    }","","    return [array, offset];","};","","Decoder.prototype.decodeBoolean = function decodeBoolean(size) {","    return (size !== 0);","};","","Decoder.prototype.decodeDouble = function decodeDouble(bits) {","    return bits.readDoubleBE(0, true);","};","","Decoder.prototype.decodeFloat = function decodeFloat(bits) {","    return bits.readFloatBE(0, true);","};","","Decoder.prototype.decodeMap = function decodeMap(size, offset, callback) {","    var that = this;","    process.nextTick(function () {","        var tmp, key,","            map = {},","            i = 1,","            cb = function (err, tmp) {","                if (err) {","                    return callback(err);","                }","                map[key] = tmp[0];","                offset = tmp[1];","                if (i++ < size) {","                    tmp = that.decodeSync(offset);","                    key = tmp[0].toString();","                    that.decode(tmp[1], cb, i % 20 === 0);","                } else {","                    callback(null, [map, offset]);","                }","            };","        if (size === 0) return callback(null, [{}, offset]);","        tmp = that.decodeSync(offset);","        key = tmp[0].toString();","        that.decode(tmp[1], cb, false);","    });","};","","Decoder.prototype.decodeMapSync = function decodeMapSync(size, offset) {","    var tmp, key,","        map = {},","        i = 0","        ;","","    for (i; i < size; i++) {","        tmp = this.decodeSync(offset);","        key = tmp[0].toString();","        tmp = this.decodeSync(tmp[1]);","        offset = tmp[1];","        map[key] = tmp[0];","    }","","    return [map, offset];","};","","Decoder.prototype.decodeUint16 = function decodeUint16(bytes) {","    return this.decodeUint32(bytes);","};","","Decoder.prototype.decodeInt32 = function decodeInt32(bytes) {","    return bytes.readInt32BE(0, true);","};","","Decoder.prototype.decodeUint32 = function decodeUint32(bytes) {","    var buffer = new Buffer(4);","","    buffer.fill(0);","    bytes.copy(buffer, 4 - bytes.length);","","    return buffer.readUInt32BE(0, true);","};","","Decoder.prototype.decodeUint64 = function decodeUint64(bytes) {","    return this.decodeBigUint(bytes, 8);","};","","Decoder.prototype.decodeUint128 = function decodeUint128(bytes) {","    return this.decodeBigUint(bytes, 16);","};","","Decoder.prototype.decodeBigUint = function decodeBigUint(bytes, size) {","    var buffer,","        i = 0,","        integer = 0,","        numberOfLongs = size / 4","        ;","","    buffer = new Buffer(size);","    buffer.fill(0);","    bytes.copy(buffer, size - bytes.length);","","    for (i; i < numberOfLongs; i++) {","        integer = bigInt(integer).multiply(4294967296).add(buffer.readUInt32BE(i << 2, true));","    }","","    return integer.toString();","};","","Decoder.prototype.decodeString = function decodeString(bytes) {","    return bytes.toString('utf8');","};",""],"l":{"3":1,"5":1,"7":1,"8":0,"9":0,"10":0,"28":0,"31":1,"32":0,"38":0,"39":0,"40":0,"41":0,"42":0,"44":0,"47":0,"48":0,"50":0,"51":0,"54":0,"55":0,"58":0,"59":0,"60":0,"62":0,"63":0,"67":1,"68":0,"72":0,"74":0,"76":0,"78":0,"80":0,"82":0,"84":0,"86":0,"88":0,"90":0,"92":0,"94":0,"96":0,"98":0,"101":1,"102":0,"107":0,"108":0,"109":0,"112":0,"113":0,"115":0,"116":0,"119":0,"120":0,"123":0,"125":0,"128":1,"129":0,"133":0,"135":0,"137":0,"139":0,"141":0,"143":0,"145":0,"147":0,"149":0,"151":0,"153":0,"155":0,"157":0,"159":0,"163":1,"164":0,"166":0,"167":0,"170":0,"171":0,"174":0,"175":0,"177":0,"179":0,"182":1,"183":0,"189":0,"190":0,"191":0,"192":0,"193":0,"194":0,"197":0,"200":1,"201":0,"206":0,"208":0,"210":0,"212":0,"215":1,"216":0,"217":0,"218":0,"222":0,"223":0,"225":0,"226":0,"227":0,"228":0,"230":0,"233":0,"234":0,"238":1,"239":0,"244":0,"245":0,"246":0,"247":0,"250":0,"253":1,"254":0,"257":1,"258":0,"261":1,"262":0,"265":1,"266":0,"267":0,"268":0,"272":0,"273":0,"275":0,"276":0,"277":0,"278":0,"279":0,"280":0,"282":0,"285":0,"286":0,"287":0,"288":0,"292":1,"293":0,"298":0,"299":0,"300":0,"301":0,"302":0,"303":0,"306":0,"309":1,"310":0,"313":1,"314":0,"317":1,"318":0,"320":0,"321":0,"323":0,"326":1,"327":0,"330":1,"331":0,"334":1,"335":0,"341":0,"342":0,"343":0,"345":0,"346":0,"349":0,"352":1,"353":0}},"/home/travis/build/npmtest/node-npmtest-maxmind-db-reader/node_modules/maxmind-db-reader/lib/IPParser.js":{"path":"/home/travis/build/npmtest/node-npmtest-maxmind-db-reader/node_modules/maxmind-db-reader/lib/IPParser.js","s":{"1":1,"2":1,"3":1,"4":0,"5":0,"6":0,"7":1,"8":0,"9":1,"10":0,"11":1,"12":0,"13":0,"14":0,"15":0,"16":0,"17":1,"18":0,"19":0,"20":0,"21":0,"22":0,"23":0,"24":0,"25":0,"26":0,"27":1,"28":0,"29":0,"30":0,"31":0},"b":{"1":[0,0],"2":[0,0],"3":[0,0]},"f":{"1":0,"2":0,"3":0,"4":0,"5":0,"6":0,"7":0,"8":0},"fnMap":{"1":{"name":"IPParser","line":7,"loc":{"start":{"line":7,"column":0},"end":{"line":7,"column":22}}},"2":{"name":"parseIPv4","line":15,"loc":{"start":{"line":15,"column":21},"end":{"line":15,"column":44}}},"3":{"name":"parseIPv6","line":19,"loc":{"start":{"line":19,"column":21},"end":{"line":19,"column":44}}},"4":{"name":"ipv4Buffer","line":23,"loc":{"start":{"line":23,"column":0},"end":{"line":23,"column":28}}},"5":{"name":"part","line":26,"loc":{"start":{"line":26,"column":19},"end":{"line":26,"column":40}}},"6":{"name":"ipv6Buffer","line":32,"loc":{"start":{"line":32,"column":0},"end":{"line":32,"column":28}}},"7":{"name":"part","line":35,"loc":{"start":{"line":35,"column":19},"end":{"line":35,"column":41}}},"8":{"name":"repeat","line":45,"loc":{"start":{"line":45,"column":0},"end":{"line":45,"column":22}}}},"statementMap":{"1":{"start":{"line":3,"column":0},"end":{"line":3,"column":39}},"2":{"start":{"line":5,"column":0},"end":{"line":5,"column":26}},"3":{"start":{"line":7,"column":0},"end":{"line":13,"column":1}},"4":{"start":{"line":8,"column":4},"end":{"line":12,"column":5}},"5":{"start":{"line":9,"column":8},"end":{"line":9,"column":38}},"6":{"start":{"line":11,"column":8},"end":{"line":11,"column":38}},"7":{"start":{"line":15,"column":0},"end":{"line":17,"column":2}},"8":{"start":{"line":16,"column":4},"end":{"line":16,"column":47}},"9":{"start":{"line":19,"column":0},"end":{"line":21,"column":2}},"10":{"start":{"line":20,"column":4},"end":{"line":20,"column":47}},"11":{"start":{"line":23,"column":0},"end":{"line":30,"column":1}},"12":{"start":{"line":24,"column":4},"end":{"line":24,"column":28}},"13":{"start":{"line":25,"column":4},"end":{"line":25,"column":16}},"14":{"start":{"line":26,"column":4},"end":{"line":28,"column":7}},"15":{"start":{"line":27,"column":8},"end":{"line":27,"column":30}},"16":{"start":{"line":29,"column":4},"end":{"line":29,"column":15}},"17":{"start":{"line":32,"column":0},"end":{"line":43,"column":1}},"18":{"start":{"line":33,"column":4},"end":{"line":33,"column":29}},"19":{"start":{"line":34,"column":4},"end":{"line":34,"column":16}},"20":{"start":{"line":35,"column":4},"end":{"line":41,"column":7}},"21":{"start":{"line":36,"column":8},"end":{"line":36,"column":30}},"22":{"start":{"line":36,"column":23},"end":{"line":36,"column":30}},"23":{"start":{"line":37,"column":8},"end":{"line":39,"column":9}},"24":{"start":{"line":38,"column":12},"end":{"line":38,"column":52}},"25":{"start":{"line":40,"column":8},"end":{"line":40,"column":37}},"26":{"start":{"line":42,"column":4},"end":{"line":42,"column":15}},"27":{"start":{"line":45,"column":0},"end":{"line":49,"column":1}},"28":{"start":{"line":46,"column":4},"end":{"line":46,"column":24}},"29":{"start":{"line":47,"column":4},"end":{"line":47,"column":28}},"30":{"start":{"line":47,"column":19},"end":{"line":47,"column":28}},"31":{"start":{"line":48,"column":4},"end":{"line":48,"column":15}}},"branchMap":{"1":{"line":8,"type":"if","locations":[{"start":{"line":8,"column":4},"end":{"line":8,"column":4}},{"start":{"line":8,"column":4},"end":{"line":8,"column":4}}]},"2":{"line":36,"type":"if","locations":[{"start":{"line":36,"column":8},"end":{"line":36,"column":8}},{"start":{"line":36,"column":8},"end":{"line":36,"column":8}}]},"3":{"line":37,"type":"if","locations":[{"start":{"line":37,"column":8},"end":{"line":37,"column":8}},{"start":{"line":37,"column":8},"end":{"line":37,"column":8}}]}},"code":["'use strict';","","var IPAddress = require('./IPAddress');","","module.exports = IPParser;","","function IPParser(ip) {","    if (ip.indexOf('.') !== -1) {","        return IPParser.parseIPv4(ip);","    } else {","        return IPParser.parseIPv6(ip);","    }","}","","IPParser.parseIPv4 = function parseIPv4(ip) {","    return ipv4Buffer(IPAddress.parseIPv4(ip));","};","","IPParser.parseIPv6 = function parseIPv6(ip) {","    return ipv6Buffer(IPAddress.parseIPv6(ip));","};","","function ipv4Buffer(groups) {","    var arr = new Buffer(4);","    arr.fill(0);","    groups.forEach(function part(nr, i) {","        arr[i] = parseInt(nr);","    });","    return arr;","}","","function ipv6Buffer(groups) {","    var arr = new Buffer(16);","    arr.fill(0);","    groups.forEach(function part(hex, i) {","        if (hex == \"\") return;","        if (hex.length < 4) {","            hex = repeat('0', 4 - hex.length) + hex;","        }","        arr.write(hex, i * 2, 'hex');","    });","    return arr;","}","","function repeat(c, l) {","    var str = \"\", i = 0;","    while (i++ < l)str += c;","    return str;","}",""],"l":{"3":1,"5":1,"7":1,"8":0,"9":0,"11":0,"15":1,"16":0,"19":1,"20":0,"23":1,"24":0,"25":0,"26":0,"27":0,"29":0,"32":1,"33":0,"34":0,"35":0,"36":0,"37":0,"38":0,"40":0,"42":0,"45":1,"46":0,"47":0,"48":0}},"/home/travis/build/npmtest/node-npmtest-maxmind-db-reader/node_modules/maxmind-db-reader/lib/IPAddress.js":{"path":"/home/travis/build/npmtest/node-npmtest-maxmind-db-reader/node_modules/maxmind-db-reader/lib/IPAddress.js","s":{"1":1,"2":1,"3":1,"4":0,"5":0,"6":0,"7":0,"8":1,"9":0,"10":0,"11":0,"12":0},"b":{"1":[0,0],"2":[0,0]},"f":{"1":0,"2":0},"fnMap":{"1":{"name":"parseIPv4","line":6,"loc":{"start":{"line":6,"column":20},"end":{"line":6,"column":43}}},"2":{"name":"parseIPv6","line":14,"loc":{"start":{"line":14,"column":20},"end":{"line":14,"column":43}}}},"statementMap":{"1":{"start":{"line":3,"column":0},"end":{"line":3,"column":36}},"2":{"start":{"line":4,"column":0},"end":{"line":4,"column":36}},"3":{"start":{"line":6,"column":0},"end":{"line":12,"column":2}},"4":{"start":{"line":7,"column":4},"end":{"line":7,"column":41}},"5":{"start":{"line":8,"column":4},"end":{"line":10,"column":5}},"6":{"start":{"line":9,"column":8},"end":{"line":9,"column":48}},"7":{"start":{"line":11,"column":4},"end":{"line":11,"column":35}},"8":{"start":{"line":14,"column":0},"end":{"line":20,"column":2}},"9":{"start":{"line":15,"column":4},"end":{"line":15,"column":41}},"10":{"start":{"line":16,"column":4},"end":{"line":18,"column":5}},"11":{"start":{"line":17,"column":8},"end":{"line":17,"column":48}},"12":{"start":{"line":19,"column":4},"end":{"line":19,"column":35}}},"branchMap":{"1":{"line":8,"type":"if","locations":[{"start":{"line":8,"column":4},"end":{"line":8,"column":4}},{"start":{"line":8,"column":4},"end":{"line":8,"column":4}}]},"2":{"line":16,"type":"if","locations":[{"start":{"line":16,"column":4},"end":{"line":16,"column":4}},{"start":{"line":16,"column":4},"end":{"line":16,"column":4}}]}},"code":["'use strict';","","var IPv6 = require('ip-address').v6;","var IPv4 = require('ip-address').v4;","","exports.parseIPv4 = function parseIPv4(ip) {","    var v4Address = new IPv4.Address(ip);","    if (!v4Address.isValid()) {","        throw new Error(\"Invalid IPv4 address\");","    }","    return v4Address.parsedAddress;","};","","exports.parseIPv6 = function parseIPv6(ip) {","    var v6Address = new IPv6.Address(ip);","    if (!v6Address.isValid()) {","        throw new Error(\"Invalid IPv6 address\");","    }","    return v6Address.parsedAddress;","};",""],"l":{"3":1,"4":1,"6":1,"7":0,"8":0,"9":0,"11":0,"14":1,"15":0,"16":0,"17":0,"19":0}}}